Release 13.2 - xst O.61xd (nt)
Copyright (c) 1995-2011 Xilinx, Inc.  All rights reserved.
--> Parameter TMPDIR set to xst/projnav.tmp


Total REAL time to Xst completion: 0.00 secs
Total CPU time to Xst completion: 0.26 secs
 
--> Parameter xsthdpdir set to xst


Total REAL time to Xst completion: 0.00 secs
Total CPU time to Xst completion: 0.27 secs
 
--> Reading design: sweep.prj

TABLE OF CONTENTS
  1) Synthesis Options Summary
  2) HDL Parsing
  3) HDL Elaboration
  4) HDL Synthesis
       4.1) HDL Synthesis Report
  5) Advanced HDL Synthesis
       5.1) Advanced HDL Synthesis Report
  6) Low Level Synthesis
  7) Partition Report
  8) Design Summary
       8.1) Primitive and Black Box Usage
       8.2) Device utilization summary
       8.3) Partition Resource Summary
       8.4) Timing Report
            8.4.1) Clock Information
            8.4.2) Asynchronous Control Signals Information
            8.4.3) Timing Summary
            8.4.4) Timing Details
            8.4.5) Cross Clock Domains Report


=========================================================================
*                      Synthesis Options Summary                        *
=========================================================================
---- Source Parameters
Input File Name                    : "sweep.prj"
Input Format                       : mixed
Ignore Synthesis Constraint File   : NO

---- Target Parameters
Output File Name                   : "sweep"
Output Format                      : NGC
Target Device                      : xc6slx16-3-csg324

---- Source Options
Top Module Name                    : sweep
Automatic FSM Extraction           : YES
FSM Encoding Algorithm             : Auto
Safe Implementation                : No
FSM Style                          : LUT
RAM Extraction                     : Yes
RAM Style                          : Auto
ROM Extraction                     : Yes
Shift Register Extraction          : YES
ROM Style                          : Auto
Resource Sharing                   : YES
Asynchronous To Synchronous        : NO
Shift Register Minimum Size        : 2
Use DSP Block                      : Auto
Automatic Register Balancing       : No

---- Target Options
LUT Combining                      : Auto
Reduce Control Sets                : Auto
Add IO Buffers                     : YES
Global Maximum Fanout              : 100000
Add Generic Clock Buffer(BUFG)     : 16
Register Duplication               : YES
Optimize Instantiated Primitives   : NO
Use Clock Enable                   : Auto
Use Synchronous Set                : Auto
Use Synchronous Reset              : Auto
Pack IO Registers into IOBs        : Auto
Equivalent register Removal        : YES

---- General Options
Optimization Goal                  : Speed
Optimization Effort                : 1
Power Reduction                    : NO
Keep Hierarchy                     : No
Netlist Hierarchy                  : As_Optimized
RTL Output                         : Yes
Global Optimization                : AllClockNets
Read Cores                         : YES
Write Timing Constraints           : NO
Cross Clock Analysis               : NO
Hierarchy Separator                : /
Bus Delimiter                      : <>
Case Specifier                     : Maintain
Slice Utilization Ratio            : 100
BRAM Utilization Ratio             : 100
DSP48 Utilization Ratio            : 100
Auto BRAM Packing                  : NO
Slice Utilization Ratio Delta      : 5

=========================================================================


=========================================================================
*                          HDL Parsing                                  *
=========================================================================
Parsing VHDL file "C:\.Xilinx\IDP\Reg_5bit.vhd" into library work
Parsing entity <Reg_5bit>.
Parsing architecture <Behavioral> of entity <reg_5bit>.
Parsing VHDL file "C:\.Xilinx\IDP\MUX_81.vhd" into library work
Parsing entity <MUX_81>.
Parsing architecture <Behavioral> of entity <mux_81>.
Parsing VHDL file "C:\.Xilinx\IDP\MUX_31.vhd" into library work
Parsing entity <MUX_31>.
Parsing architecture <Behavioral> of entity <mux_31>.
Parsing VHDL file "C:\.Xilinx\IDP\Mod8_Counter.vhd" into library work
Parsing entity <Mod8_Counter>.
Parsing architecture <Behavioral> of entity <mod8_counter>.
Parsing VHDL file "C:\.Xilinx\IDP\sweep.vhd" into library work
Parsing entity <sweep>.
Parsing architecture <Behavioral> of entity <sweep>.

=========================================================================
*                            HDL Elaboration                            *
=========================================================================

Elaborating entity <sweep> (architecture <Behavioral>) from library <work>.

Elaborating entity <MUX_81> (architecture <Behavioral>) from library <work>.
INFO:HDLCompiler:679 - "C:\.Xilinx\IDP\MUX_81.vhd" Line 47. Case statement is complete. others clause is never selected

Elaborating entity <Reg_5bit> (architecture <Behavioral>) from library <work>.

Elaborating entity <Mod8_Counter> (architecture <Behavioral>) from library <work>.

Elaborating entity <MUX_31> (architecture <Behavioral>) from library <work>.

=========================================================================
*                           HDL Synthesis                               *
=========================================================================

Synthesizing Unit <sweep>.
    Related source file is "c:/.xilinx/idp/sweep.vhd".
WARNING:Xst:647 - Input <datain<31:28>> is never used. This port will be preserved and left unconnected if it belongs to a top-level block or it belongs to a sub-block and the hierarchy of this sub-block is preserved.
WARNING:Xst:647 - Input <datain<7:0>> is never used. This port will be preserved and left unconnected if it belongs to a top-level block or it belongs to a sub-block and the hierarchy of this sub-block is preserved.
    Summary:
	no macro.
Unit <sweep> synthesized.

Synthesizing Unit <MUX_81>.
    Related source file is "c:/.xilinx/idp/mux_81.vhd".
    Found 5-bit 8-to-1 multiplexer for signal <O> created at line 30.
    Summary:
	inferred   1 Multiplexer(s).
Unit <MUX_81> synthesized.

Synthesizing Unit <Reg_5bit>.
    Related source file is "c:/.xilinx/idp/reg_5bit.vhd".
    Found 5-bit register for signal <Q>.
    Summary:
	inferred   5 D-type flip-flop(s).
Unit <Reg_5bit> synthesized.

Synthesizing Unit <Mod8_Counter>.
    Related source file is "c:/.xilinx/idp/mod8_counter.vhd".
    Found 3-bit register for signal <cnt>.
    Found 3-bit adder for signal <cnt[2]_GND_14_o_add_1_OUT> created at line 50.
    Summary:
	inferred   1 Adder/Subtractor(s).
	inferred   3 D-type flip-flop(s).
	inferred   1 Multiplexer(s).
Unit <Mod8_Counter> synthesized.

Synthesizing Unit <MUX_31>.
    Related source file is "c:/.xilinx/idp/mux_31.vhd".
    Found 1-bit 3-to-1 multiplexer for signal <O> created at line 47.
    Summary:
	inferred   1 Multiplexer(s).
Unit <MUX_31> synthesized.

=========================================================================
HDL Synthesis Report

Macro Statistics
# Adders/Subtractors                                   : 1
 3-bit adder                                           : 1
# Registers                                            : 5
 3-bit register                                        : 1
 5-bit register                                        : 4
# Multiplexers                                         : 3
 1-bit 3-to-1 multiplexer                              : 1
 3-bit 2-to-1 multiplexer                              : 1
 5-bit 8-to-1 multiplexer                              : 1

=========================================================================

=========================================================================
*                       Advanced HDL Synthesis                          *
=========================================================================


Synthesizing (advanced) Unit <Mod8_Counter>.
The following registers are absorbed into counter <cnt>: 1 register on signal <cnt>.
Unit <Mod8_Counter> synthesized (advanced).

=========================================================================
Advanced HDL Synthesis Report

Macro Statistics
# Counters                                             : 1
 3-bit up counter                                      : 1
# Registers                                            : 20
 Flip-Flops                                            : 20
# Multiplexers                                         : 2
 1-bit 3-to-1 multiplexer                              : 1
 5-bit 8-to-1 multiplexer                              : 1

=========================================================================

=========================================================================
*                         Low Level Synthesis                           *
=========================================================================
WARNING:Xst:2016 - Found a loop when searching source clock on port 'comp7/Mmux_O1:O'
Last warning will be issued only once.

Optimizing unit <sweep> ...

Mapping all equations...
Building and optimizing final netlist ...
Found area constraint ratio of 100 (+ 5) on block sweep, actual ratio is 0.

Final Macro Processing ...

=========================================================================
Final Register Report

Macro Statistics
# Registers                                            : 23
 Flip-Flops                                            : 23

=========================================================================

=========================================================================
*                           Partition Report                            *
=========================================================================

Partition Implementation Status
-------------------------------

  No Partitions were found in this design.

-------------------------------

=========================================================================
*                            Design Summary                             *
=========================================================================

Top Level Output File Name         : sweep.ngc

Primitive and Black Box Usage:
------------------------------
# BELS                             : 13
#      INV                         : 1
#      LUT2                        : 1
#      LUT3                        : 2
#      LUT5                        : 4
#      LUT6                        : 5
# FlipFlops/Latches                : 23
#      FDC                         : 3
#      FDP                         : 20
# Clock Buffers                    : 1
#      BUFG                        : 1
# IO Buffers                       : 46
#      IBUF                        : 26
#      OBUF                        : 20

Device utilization summary:
---------------------------

Selected Device : 6slx16csg324-3 


Slice Logic Utilization: 
 Number of Slice Registers:              23  out of  18224     0%  
 Number of Slice LUTs:                   13  out of   9112     0%  
    Number used as Logic:                13  out of   9112     0%  

Slice Logic Distribution: 
 Number of LUT Flip Flop pairs used:     28
   Number with an unused Flip Flop:       5  out of     28    17%  
   Number with an unused LUT:            15  out of     28    53%  
   Number of fully used LUT-FF pairs:     8  out of     28    28%  
   Number of unique control sets:         1

IO Utilization: 
 Number of IOs:                          58
 Number of bonded IOBs:                  46  out of    232    19%  

Specific Feature Utilization:
 Number of BUFG/BUFGCTRLs:                1  out of     16     6%  

---------------------------
Partition Resource Summary:
---------------------------

  No Partitions were found in this design.

---------------------------


=========================================================================
Timing Report

NOTE: THESE TIMING NUMBERS ARE ONLY A SYNTHESIS ESTIMATE.
      FOR ACCURATE TIMING INFORMATION PLEASE REFER TO THE TRACE REPORT
      GENERATED AFTER PLACE-and-ROUTE.

Clock Information:
------------------
-----------------------------------+------------------------+-------+
Clock Signal                       | Clock buffer(FF name)  | Load  |
-----------------------------------+------------------------+-------+
glide(comp7/Mmux_O11:O)            | BUFG(*)(comp5/Q_4)     | 23    |
-----------------------------------+------------------------+-------+
(*) This 1 clock signal(s) are generated by combinatorial logic,
and XST is not able to identify which are the primary clock signals.
Please use the CLOCK_SIGNAL constraint to specify the clock signal(s) generated by combinatorial logic.

Asynchronous Control Signals Information:
----------------------------------------
No asynchronous control signals found in this design

Timing Summary:
---------------
Speed Grade: -3

   Minimum period: 2.624ns (Maximum Frequency: 381.127MHz)
   Minimum input arrival time before clock: 3.256ns
   Maximum output required time after clock: 3.634ns
   Maximum combinational path delay: No path found

Timing Details:
---------------
All values displayed in nanoseconds (ns)

=========================================================================
Timing constraint: Default period analysis for Clock 'glide'
  Clock period: 2.624ns (frequency: 381.127MHz)
  Total number of paths / destination ports: 45 / 23
-------------------------------------------------------------------------
Delay:               2.624ns (Levels of Logic = 2)
  Source:            comp6/cnt_0 (FF)
  Destination:       comp2/Q_2 (FF)
  Source Clock:      glide rising
  Destination Clock: glide rising

  Data Path: comp6/cnt_0 to comp2/Q_2
                                Gate     Net
    Cell:in->out      fanout   Delay   Delay  Logical Name (Net Name)
    ----------------------------------------  ------------
     FDC:C->Q             10   0.447   1.085  comp6/cnt_0 (comp6/cnt_0)
     LUT6:I3->O            1   0.205   0.580  comp1/Mmux_O31 (comp1/Mmux_O3)
     LUT6:I5->O            1   0.205   0.000  comp1/Mmux_O32 (O<2>)
     FDP:D                     0.102          comp2/Q_2
    ----------------------------------------
    Total                      2.624ns (0.959ns logic, 1.665ns route)
                                       (36.6% logic, 63.4% route)

=========================================================================
Timing constraint: Default OFFSET IN BEFORE for Clock 'glide'
  Total number of paths / destination ports: 43 / 27
-------------------------------------------------------------------------
Offset:              3.256ns (Levels of Logic = 3)
  Source:            datain<25> (PAD)
  Destination:       comp2/Q_2 (FF)
  Destination Clock: glide rising

  Data Path: datain<25> to comp2/Q_2
                                Gate     Net
    Cell:in->out      fanout   Delay   Delay  Logical Name (Net Name)
    ----------------------------------------  ------------
     IBUF:I->O             1   1.222   0.944  datain_25_IBUF (datain_25_IBUF)
     LUT6:I0->O            1   0.203   0.580  comp1/Mmux_O31 (comp1/Mmux_O3)
     LUT6:I5->O            1   0.205   0.000  comp1/Mmux_O32 (O<2>)
     FDP:D                     0.102          comp2/Q_2
    ----------------------------------------
    Total                      3.256ns (1.732ns logic, 1.524ns route)
                                       (53.2% logic, 46.8% route)

=========================================================================
Timing constraint: Default OFFSET OUT AFTER for Clock 'glide'
  Total number of paths / destination ports: 20 / 20
-------------------------------------------------------------------------
Offset:              3.634ns (Levels of Logic = 1)
  Source:            comp4/Q_4 (FF)
  Destination:       dataout<14> (PAD)
  Source Clock:      glide rising

  Data Path: comp4/Q_4 to dataout<14>
                                Gate     Net
    Cell:in->out      fanout   Delay   Delay  Logical Name (Net Name)
    ----------------------------------------  ------------
     FDP:C->Q              2   0.447   0.616  comp4/Q_4 (comp4/Q_4)
     OBUF:I->O                 2.571          dataout_14_OBUF (dataout<14>)
    ----------------------------------------
    Total                      3.634ns (3.018ns logic, 0.616ns route)
                                       (83.0% logic, 17.0% route)

=========================================================================

Cross Clock Domains Report:
--------------------------

Clock to Setup on destination clock glide
---------------+---------+---------+---------+---------+
               | Src:Rise| Src:Fall| Src:Rise| Src:Fall|
Source Clock   |Dest:Rise|Dest:Rise|Dest:Fall|Dest:Fall|
---------------+---------+---------+---------+---------+
glide          |    2.624|         |         |         |
---------------+---------+---------+---------+---------+

=========================================================================


Total REAL time to Xst completion: 7.00 secs
Total CPU time to Xst completion: 7.14 secs
 
--> 

Total memory usage is 215324 kilobytes

Number of errors   :    0 (   0 filtered)
Number of warnings :    2 (   0 filtered)
Number of infos    :    0 (   0 filtered)

