Release 13.2 - xst O.61xd (nt)
Copyright (c) 1995-2011 Xilinx, Inc.  All rights reserved.
--> Parameter TMPDIR set to xst/projnav.tmp


Total REAL time to Xst completion: 1.00 secs
Total CPU time to Xst completion: 0.27 secs
 
--> Parameter xsthdpdir set to xst


Total REAL time to Xst completion: 1.00 secs
Total CPU time to Xst completion: 0.27 secs
 
--> Reading design: time_multiplexer_4digit.prj

TABLE OF CONTENTS
  1) Synthesis Options Summary
  2) HDL Parsing
  3) HDL Elaboration
  4) HDL Synthesis
       4.1) HDL Synthesis Report
  5) Advanced HDL Synthesis
       5.1) Advanced HDL Synthesis Report
  6) Low Level Synthesis
  7) Partition Report
  8) Design Summary
       8.1) Primitive and Black Box Usage
       8.2) Device utilization summary
       8.3) Partition Resource Summary
       8.4) Timing Report
            8.4.1) Clock Information
            8.4.2) Asynchronous Control Signals Information
            8.4.3) Timing Summary
            8.4.4) Timing Details
            8.4.5) Cross Clock Domains Report


=========================================================================
*                      Synthesis Options Summary                        *
=========================================================================
---- Source Parameters
Input File Name                    : "time_multiplexer_4digit.prj"
Input Format                       : mixed
Ignore Synthesis Constraint File   : NO

---- Target Parameters
Output File Name                   : "time_multiplexer_4digit"
Output Format                      : NGC
Target Device                      : xc6slx16-3-csg324

---- Source Options
Top Module Name                    : time_multiplexer_4digit
Automatic FSM Extraction           : YES
FSM Encoding Algorithm             : Auto
Safe Implementation                : No
FSM Style                          : LUT
RAM Extraction                     : Yes
RAM Style                          : Auto
ROM Extraction                     : Yes
Shift Register Extraction          : YES
ROM Style                          : Auto
Resource Sharing                   : YES
Asynchronous To Synchronous        : NO
Shift Register Minimum Size        : 2
Use DSP Block                      : Auto
Automatic Register Balancing       : No

---- Target Options
LUT Combining                      : Auto
Reduce Control Sets                : Auto
Add IO Buffers                     : YES
Global Maximum Fanout              : 100000
Add Generic Clock Buffer(BUFG)     : 16
Register Duplication               : YES
Optimize Instantiated Primitives   : NO
Use Clock Enable                   : Auto
Use Synchronous Set                : Auto
Use Synchronous Reset              : Auto
Pack IO Registers into IOBs        : Auto
Equivalent register Removal        : YES

---- General Options
Optimization Goal                  : Speed
Optimization Effort                : 1
Power Reduction                    : NO
Keep Hierarchy                     : No
Netlist Hierarchy                  : As_Optimized
RTL Output                         : Yes
Global Optimization                : AllClockNets
Read Cores                         : YES
Write Timing Constraints           : NO
Cross Clock Analysis               : NO
Hierarchy Separator                : /
Bus Delimiter                      : <>
Case Specifier                     : Maintain
Slice Utilization Ratio            : 100
BRAM Utilization Ratio             : 100
DSP48 Utilization Ratio            : 100
Auto BRAM Packing                  : NO
Slice Utilization Ratio Delta      : 5

=========================================================================


=========================================================================
*                          HDL Parsing                                  *
=========================================================================
Parsing VHDL file "C:\.Xilinx\IDP\time_multiplexer_4digit.vhd" into library work
Parsing entity <time_multiplexer_4digit>.
Parsing architecture <Behavioral> of entity <time_multiplexer_4digit>.

=========================================================================
*                            HDL Elaboration                            *
=========================================================================

Elaborating entity <time_multiplexer_4digit> (architecture <Behavioral>) from library <work>.
WARNING:HDLCompiler:92 - "C:\.Xilinx\IDP\time_multiplexer_4digit.vhd" Line 55: anode should be on the sensitivity list of the process
WARNING:HDLCompiler:92 - "C:\.Xilinx\IDP\time_multiplexer_4digit.vhd" Line 56: display_value should be on the sensitivity list of the process
WARNING:HDLCompiler:92 - "C:\.Xilinx\IDP\time_multiplexer_4digit.vhd" Line 57: display_value should be on the sensitivity list of the process
WARNING:HDLCompiler:92 - "C:\.Xilinx\IDP\time_multiplexer_4digit.vhd" Line 58: display_value should be on the sensitivity list of the process
WARNING:HDLCompiler:92 - "C:\.Xilinx\IDP\time_multiplexer_4digit.vhd" Line 59: display_value should be on the sensitivity list of the process
INFO:HDLCompiler:679 - "C:\.Xilinx\IDP\time_multiplexer_4digit.vhd" Line 96. Case statement is complete. others clause is never selected

=========================================================================
*                           HDL Synthesis                               *
=========================================================================

Synthesizing Unit <time_multiplexer_4digit>.
    Related source file is "c:/.xilinx/idp/time_multiplexer_4digit.vhd".
    Found 4-bit register for signal <anode>.
    Found 16x7-bit Read Only RAM for signal <_n0048[0:6]>
    Summary:
	inferred   1 RAM(s).
	inferred   4 D-type flip-flop(s).
	inferred  10 Multiplexer(s).
Unit <time_multiplexer_4digit> synthesized.

=========================================================================
HDL Synthesis Report

Macro Statistics
# RAMs                                                 : 1
 16x7-bit single-port Read Only RAM                    : 1
# Registers                                            : 1
 4-bit register                                        : 1
# Multiplexers                                         : 10
 5-bit 2-to-1 multiplexer                              : 10

=========================================================================

=========================================================================
*                       Advanced HDL Synthesis                          *
=========================================================================


Synthesizing (advanced) Unit <time_multiplexer_4digit>.
INFO:Xst:3218 - HDL ADVISOR - The RAM <Mram__n0048[0:6]> will be implemented on LUTs either because you have described an asynchronous read or because of currently unsupported block RAM features. If you have described an asynchronous read, making it synchronous would allow you to take advantage of available block RAM resources, for optimized device usage and improved timings. Please refer to your documentation for coding guidelines.
    -----------------------------------------------------------------------
    | ram_type           | Distributed                         |          |
    -----------------------------------------------------------------------
    | Port A                                                              |
    |     aspect ratio   | 16-word x 7-bit                     |          |
    |     weA            | connected to signal <GND>           | high     |
    |     addrA          | connected to signal <display.dispLED> |          |
    |     diA            | connected to signal <GND>           |          |
    |     doA            | connected to signal <seg>           |          |
    -----------------------------------------------------------------------
Unit <time_multiplexer_4digit> synthesized (advanced).

=========================================================================
Advanced HDL Synthesis Report

Macro Statistics
# RAMs                                                 : 1
 16x7-bit single-port distributed Read Only RAM        : 1
# Registers                                            : 4
 Flip-Flops                                            : 4
# Multiplexers                                         : 10
 5-bit 2-to-1 multiplexer                              : 10

=========================================================================

=========================================================================
*                         Low Level Synthesis                           *
=========================================================================

Optimizing unit <time_multiplexer_4digit> ...

Mapping all equations...
Building and optimizing final netlist ...
Found area constraint ratio of 100 (+ 5) on block time_multiplexer_4digit, actual ratio is 0.

Final Macro Processing ...

=========================================================================
Final Register Report

Macro Statistics
# Registers                                            : 4
 Flip-Flops                                            : 4

=========================================================================

=========================================================================
*                           Partition Report                            *
=========================================================================

Partition Implementation Status
-------------------------------

  No Partitions were found in this design.

-------------------------------

=========================================================================
*                            Design Summary                             *
=========================================================================

Top Level Output File Name         : time_multiplexer_4digit.ngc

Primitive and Black Box Usage:
------------------------------
# BELS                             : 16
#      LUT4                        : 7
#      LUT5                        : 1
#      LUT6                        : 8
# FlipFlops/Latches                : 4
#      FDC                         : 1
#      FDP                         : 3
# Clock Buffers                    : 1
#      BUFGP                       : 1
# IO Buffers                       : 30
#      IBUF                        : 18
#      OBUF                        : 12

Device utilization summary:
---------------------------

Selected Device : 6slx16csg324-3 


Slice Logic Utilization: 
 Number of Slice Registers:               4  out of  18224     0%  
 Number of Slice LUTs:                   16  out of   9112     0%  
    Number used as Logic:                16  out of   9112     0%  

Slice Logic Distribution: 
 Number of LUT Flip Flop pairs used:     18
   Number with an unused Flip Flop:      14  out of     18    77%  
   Number with an unused LUT:             2  out of     18    11%  
   Number of fully used LUT-FF pairs:     2  out of     18    11%  
   Number of unique control sets:         1

IO Utilization: 
 Number of IOs:                          31
 Number of bonded IOBs:                  31  out of    232    13%  

Specific Feature Utilization:
 Number of BUFG/BUFGCTRLs:                1  out of     16     6%  

---------------------------
Partition Resource Summary:
---------------------------

  No Partitions were found in this design.

---------------------------


=========================================================================
Timing Report

NOTE: THESE TIMING NUMBERS ARE ONLY A SYNTHESIS ESTIMATE.
      FOR ACCURATE TIMING INFORMATION PLEASE REFER TO THE TRACE REPORT
      GENERATED AFTER PLACE-and-ROUTE.

Clock Information:
------------------
-----------------------------------+------------------------+-------+
Clock Signal                       | Clock buffer(FF name)  | Load  |
-----------------------------------+------------------------+-------+
clk                                | BUFGP                  | 4     |
-----------------------------------+------------------------+-------+

Asynchronous Control Signals Information:
----------------------------------------
No asynchronous control signals found in this design

Timing Summary:
---------------
Speed Grade: -3

   Minimum period: 1.431ns (Maximum Frequency: 698.666MHz)
   Minimum input arrival time before clock: 2.335ns
   Maximum output required time after clock: 7.056ns
   Maximum combinational path delay: 7.393ns

Timing Details:
---------------
All values displayed in nanoseconds (ns)

=========================================================================
Timing constraint: Default period analysis for Clock 'clk'
  Clock period: 1.431ns (frequency: 698.666MHz)
  Total number of paths / destination ports: 4 / 4
-------------------------------------------------------------------------
Delay:               1.431ns (Levels of Logic = 0)
  Source:            anode_1 (FF)
  Destination:       anode_0 (FF)
  Source Clock:      clk rising
  Destination Clock: clk rising

  Data Path: anode_1 to anode_0
                                Gate     Net
    Cell:in->out      fanout   Delay   Delay  Logical Name (Net Name)
    ----------------------------------------  ------------
     FDP:C->Q             11   0.447   0.882  anode_1 (anode_1)
     FDC:D                     0.102          anode_0
    ----------------------------------------
    Total                      1.431ns (0.549ns logic, 0.882ns route)
                                       (38.4% logic, 61.6% route)

=========================================================================
Timing constraint: Default OFFSET IN BEFORE for Clock 'clk'
  Total number of paths / destination ports: 4 / 4
-------------------------------------------------------------------------
Offset:              2.335ns (Levels of Logic = 1)
  Source:            reset (PAD)
  Destination:       anode_0 (FF)
  Destination Clock: clk rising

  Data Path: reset to anode_0
                                Gate     Net
    Cell:in->out      fanout   Delay   Delay  Logical Name (Net Name)
    ----------------------------------------  ------------
     IBUF:I->O             4   1.222   0.683  reset_IBUF (reset_IBUF)
     FDC:CLR                   0.430          anode_0
    ----------------------------------------
    Total                      2.335ns (1.652ns logic, 0.683ns route)
                                       (70.8% logic, 29.2% route)

=========================================================================
Timing constraint: Default OFFSET OUT AFTER for Clock 'clk'
  Total number of paths / destination ports: 204 / 12
-------------------------------------------------------------------------
Offset:              7.056ns (Levels of Logic = 4)
  Source:            anode_3 (FF)
  Destination:       seg<7> (PAD)
  Source Clock:      clk rising

  Data Path: anode_3 to seg<7>
                                Gate     Net
    Cell:in->out      fanout   Delay   Delay  Logical Name (Net Name)
    ----------------------------------------  ------------
     FDP:C->Q             11   0.447   1.247  anode_3 (anode_3)
     LUT6:I0->O            1   0.203   0.580  Mmux_display.dispLED11 (Mmux_display.dispLED1)
     LUT6:I5->O            7   0.205   1.021  Mmux_display.dispLED12 (display.dispLED<1>)
     LUT4:I0->O            1   0.203   0.579  Mram__n0048[0:6]21 (seg_3_OBUF)
     OBUF:I->O                 2.571          seg_3_OBUF (seg<3>)
    ----------------------------------------
    Total                      7.056ns (3.629ns logic, 3.427ns route)
                                       (51.4% logic, 48.6% route)

=========================================================================
Timing constraint: Default path analysis
  Total number of paths / destination ports: 113 / 8
-------------------------------------------------------------------------
Delay:               7.393ns (Levels of Logic = 5)
  Source:            display_value<5> (PAD)
  Destination:       seg<7> (PAD)

  Data Path: display_value<5> to seg<7>
                                Gate     Net
    Cell:in->out      fanout   Delay   Delay  Logical Name (Net Name)
    ----------------------------------------  ------------
     IBUF:I->O             1   1.222   0.808  display_value_5_IBUF (display_value_5_IBUF)
     LUT6:I3->O            1   0.205   0.580  Mmux_display.dispLED21 (Mmux_display.dispLED2)
     LUT6:I5->O            7   0.205   1.021  Mmux_display.dispLED22 (display.dispLED<2>)
     LUT4:I0->O            1   0.203   0.579  Mram__n0048[0:6]61 (seg_7_OBUF)
     OBUF:I->O                 2.571          seg_7_OBUF (seg<7>)
    ----------------------------------------
    Total                      7.393ns (4.406ns logic, 2.987ns route)
                                       (59.6% logic, 40.4% route)

=========================================================================

Cross Clock Domains Report:
--------------------------

Clock to Setup on destination clock clk
---------------+---------+---------+---------+---------+
               | Src:Rise| Src:Fall| Src:Rise| Src:Fall|
Source Clock   |Dest:Rise|Dest:Rise|Dest:Fall|Dest:Fall|
---------------+---------+---------+---------+---------+
clk            |    1.431|         |         |         |
---------------+---------+---------+---------+---------+

=========================================================================


Total REAL time to Xst completion: 8.00 secs
Total CPU time to Xst completion: 7.31 secs
 
--> 

Total memory usage is 215232 kilobytes

Number of errors   :    0 (   0 filtered)
Number of warnings :    5 (   0 filtered)
Number of infos    :    1 (   0 filtered)

