Release 13.2 - xst O.61xd (nt)
Copyright (c) 1995-2011 Xilinx, Inc.  All rights reserved.
--> Parameter TMPDIR set to xst/projnav.tmp


Total REAL time to Xst completion: 0.00 secs
Total CPU time to Xst completion: 0.31 secs
 
--> Parameter xsthdpdir set to xst


Total REAL time to Xst completion: 0.00 secs
Total CPU time to Xst completion: 0.32 secs
 
--> Reading design: Data_Unit_main.prj

TABLE OF CONTENTS
  1) Synthesis Options Summary
  2) HDL Parsing
  3) HDL Elaboration
  4) HDL Synthesis
       4.1) HDL Synthesis Report
  5) Advanced HDL Synthesis
       5.1) Advanced HDL Synthesis Report
  6) Low Level Synthesis
  7) Partition Report
  8) Design Summary
       8.1) Primitive and Black Box Usage
       8.2) Device utilization summary
       8.3) Partition Resource Summary
       8.4) Timing Report
            8.4.1) Clock Information
            8.4.2) Asynchronous Control Signals Information
            8.4.3) Timing Summary
            8.4.4) Timing Details
            8.4.5) Cross Clock Domains Report


=========================================================================
*                      Synthesis Options Summary                        *
=========================================================================
---- Source Parameters
Input File Name                    : "Data_Unit_main.prj"
Input Format                       : mixed
Ignore Synthesis Constraint File   : NO

---- Target Parameters
Output File Name                   : "Data_Unit_main"
Output Format                      : NGC
Target Device                      : xc6slx16-3-csg324

---- Source Options
Top Module Name                    : Data_Unit_main
Automatic FSM Extraction           : YES
FSM Encoding Algorithm             : Auto
Safe Implementation                : No
FSM Style                          : LUT
RAM Extraction                     : Yes
RAM Style                          : Auto
ROM Extraction                     : Yes
Shift Register Extraction          : YES
ROM Style                          : Auto
Resource Sharing                   : YES
Asynchronous To Synchronous        : NO
Shift Register Minimum Size        : 2
Use DSP Block                      : Auto
Automatic Register Balancing       : No

---- Target Options
LUT Combining                      : Auto
Reduce Control Sets                : Auto
Add IO Buffers                     : YES
Global Maximum Fanout              : 100000
Add Generic Clock Buffer(BUFG)     : 16
Register Duplication               : YES
Optimize Instantiated Primitives   : NO
Use Clock Enable                   : Auto
Use Synchronous Set                : Auto
Use Synchronous Reset              : Auto
Pack IO Registers into IOBs        : Auto
Equivalent register Removal        : YES

---- General Options
Optimization Goal                  : Speed
Optimization Effort                : 1
Power Reduction                    : NO
Keep Hierarchy                     : No
Netlist Hierarchy                  : As_Optimized
RTL Output                         : Yes
Global Optimization                : AllClockNets
Read Cores                         : YES
Write Timing Constraints           : NO
Cross Clock Analysis               : NO
Hierarchy Separator                : /
Bus Delimiter                      : <>
Case Specifier                     : Maintain
Slice Utilization Ratio            : 100
BRAM Utilization Ratio             : 100
DSP48 Utilization Ratio            : 100
Auto BRAM Packing                  : NO
Slice Utilization Ratio Delta      : 5

=========================================================================


=========================================================================
*                          HDL Parsing                                  *
=========================================================================
Parsing VHDL file "C:\.Xilinx\IDP\modulo10_counter.vhd" into library work
Parsing entity <modulo10_counter>.
Parsing architecture <Behavioral> of entity <modulo10_counter>.
Parsing VHDL file "C:\.Xilinx\IDP\mod100_counter.vhd" into library work
Parsing entity <mod100_counter>.
Parsing architecture <Behavioral> of entity <mod100_counter>.
Parsing VHDL file "C:\.Xilinx\IDP\time_multiplexer_4digit.vhd" into library work
Parsing entity <time_multiplexer_4digit>.
Parsing architecture <Behavioral> of entity <time_multiplexer_4digit>.
Parsing VHDL file "C:\.Xilinx\IDP\MUX.vhd" into library work
Parsing entity <MUX>.
Parsing architecture <Behavioral> of entity <mux>.
Parsing VHDL file "C:\.Xilinx\IDP\mod10k_counter.vhd" into library work
Parsing entity <mod10k_counter>.
Parsing architecture <Behavioral> of entity <mod10k_counter>.
Parsing VHDL file "C:\.Xilinx\IDP\Hold_Register_32bit.vhd" into library work
Parsing entity <Hold_Register_32bit>.
Parsing architecture <Behavioral> of entity <hold_register_32bit>.
Parsing VHDL file "C:\.Xilinx\IDP\frequency_divider.vhd" into library work
Parsing entity <frequency_divider>.
Parsing architecture <Behavioral> of entity <frequency_divider>.
Parsing VHDL file "C:\.Xilinx\IDP\main_data_unit.vhd" into library work
Parsing entity <Data_Unit_main>.
Parsing architecture <Behavioral> of entity <data_unit_main>.

=========================================================================
*                            HDL Elaboration                            *
=========================================================================

Elaborating entity <Data_Unit_main> (architecture <Behavioral>) from library <work>.

Elaborating entity <frequency_divider> (architecture <Behavioral>) from library <work>.
WARNING:HDLCompiler:92 - "C:\.Xilinx\IDP\frequency_divider.vhd" Line 34: clock1 should be on the sensitivity list of the process
WARNING:HDLCompiler:92 - "C:\.Xilinx\IDP\frequency_divider.vhd" Line 51: clock2 should be on the sensitivity list of the process

Elaborating entity <mod10k_counter> (architecture <Behavioral>) from library <work>.

Elaborating entity <mod100_counter> (architecture <Behavioral>) from library <work>.

Elaborating entity <modulo10_counter> (architecture <Behavioral>) from library <work>.

Elaborating entity <Hold_Register_32bit> (architecture <Behavioral>) from library <work>.

Elaborating entity <MUX> (architecture <Behavioral>) from library <work>.
INFO:HDLCompiler:679 - "C:\.Xilinx\IDP\MUX.vhd" Line 52. Case statement is complete. others clause is never selected

Elaborating entity <time_multiplexer_4digit> (architecture <Behavioral>) from library <work>.
WARNING:HDLCompiler:92 - "C:\.Xilinx\IDP\time_multiplexer_4digit.vhd" Line 55: anode should be on the sensitivity list of the process
WARNING:HDLCompiler:92 - "C:\.Xilinx\IDP\time_multiplexer_4digit.vhd" Line 56: display_value should be on the sensitivity list of the process
WARNING:HDLCompiler:92 - "C:\.Xilinx\IDP\time_multiplexer_4digit.vhd" Line 57: display_value should be on the sensitivity list of the process
WARNING:HDLCompiler:92 - "C:\.Xilinx\IDP\time_multiplexer_4digit.vhd" Line 58: display_value should be on the sensitivity list of the process
WARNING:HDLCompiler:92 - "C:\.Xilinx\IDP\time_multiplexer_4digit.vhd" Line 59: display_value should be on the sensitivity list of the process
INFO:HDLCompiler:679 - "C:\.Xilinx\IDP\time_multiplexer_4digit.vhd" Line 96. Case statement is complete. others clause is never selected

=========================================================================
*                           HDL Synthesis                               *
=========================================================================

Synthesizing Unit <Data_Unit_main>.
    Related source file is "c:/.xilinx/idp/main_data_unit.vhd".
INFO:Xst:3210 - "c:/.xilinx/idp/main_data_unit.vhd" line 97: Output port <tc> of the instance <cop2> is unconnected or connected to loadless signal.
    Summary:
	no macro.
Unit <Data_Unit_main> synthesized.

Synthesizing Unit <frequency_divider>.
    Related source file is "c:/.xilinx/idp/frequency_divider.vhd".
    Found 1-bit register for signal <clk_005Hz.a2<13>>.
    Found 1-bit register for signal <clk_005Hz.a2<12>>.
    Found 1-bit register for signal <clk_005Hz.a2<11>>.
    Found 1-bit register for signal <clk_005Hz.a2<10>>.
    Found 1-bit register for signal <clk_005Hz.a2<9>>.
    Found 1-bit register for signal <clk_005Hz.a2<8>>.
    Found 1-bit register for signal <clk_005Hz.a2<7>>.
    Found 1-bit register for signal <clk_005Hz.a2<6>>.
    Found 1-bit register for signal <clk_005Hz.a2<5>>.
    Found 1-bit register for signal <clk_005Hz.a2<4>>.
    Found 1-bit register for signal <clk_005Hz.a2<3>>.
    Found 1-bit register for signal <clk_005Hz.a2<2>>.
    Found 1-bit register for signal <clk_005Hz.a2<1>>.
    Found 1-bit register for signal <clk_005Hz.a2<0>>.
    Found 1-bit register for signal <clk_1kHz.a1<2>>.
    Found 1-bit register for signal <clk_1kHz.a1<1>>.
    Found 1-bit register for signal <clk_1kHz.a1<0>>.
    Found 3-bit subtractor for signal <GND_6_o_GND_6_o_sub_1_OUT<2:0>> created at line 29.
    Found 14-bit subtractor for signal <GND_6_o_GND_6_o_sub_4_OUT<13:0>> created at line 46.
WARNING:Xst:737 - Found 1-bit latch for signal <clock1>. Latches may be generated from incomplete case or if statements. We do not recommend the use of latches in FPGA/CPLD designs, as they may lead to timing problems.
WARNING:Xst:737 - Found 1-bit latch for signal <clock2>. Latches may be generated from incomplete case or if statements. We do not recommend the use of latches in FPGA/CPLD designs, as they may lead to timing problems.
    Summary:
	inferred   2 Adder/Subtractor(s).
	inferred  17 D-type flip-flop(s).
	inferred   2 Latch(s).
	inferred   2 Multiplexer(s).
Unit <frequency_divider> synthesized.

Synthesizing Unit <mod10k_counter>.
    Related source file is "c:/.xilinx/idp/mod10k_counter.vhd".
    Summary:
	no macro.
Unit <mod10k_counter> synthesized.

Synthesizing Unit <mod100_counter>.
    Related source file is "c:/.xilinx/idp/mod100_counter.vhd".
    Summary:
	no macro.
Unit <mod100_counter> synthesized.

Synthesizing Unit <modulo10_counter>.
    Related source file is "c:/.xilinx/idp/modulo10_counter.vhd".
    Found 4-bit register for signal <cnt>.
    Found 4-bit adder for signal <cnt[3]_GND_13_o_add_1_OUT> created at line 53.
    Summary:
	inferred   1 Adder/Subtractor(s).
	inferred   4 D-type flip-flop(s).
	inferred   1 Multiplexer(s).
Unit <modulo10_counter> synthesized.

Synthesizing Unit <Hold_Register_32bit>.
    Related source file is "c:/.xilinx/idp/hold_register_32bit.vhd".
    Found 32-bit register for signal <data_out>.
    Summary:
	inferred  32 D-type flip-flop(s).
Unit <Hold_Register_32bit> synthesized.

Synthesizing Unit <MUX>.
    Related source file is "c:/.xilinx/idp/mux.vhd".
    Summary:
	inferred   1 Multiplexer(s).
Unit <MUX> synthesized.

Synthesizing Unit <time_multiplexer_4digit>.
    Related source file is "c:/.xilinx/idp/time_multiplexer_4digit.vhd".
    Found 4-bit register for signal <anode>.
    Found 16x7-bit Read Only RAM for signal <_n0048[0:6]>
    Summary:
	inferred   1 RAM(s).
	inferred   4 D-type flip-flop(s).
	inferred  10 Multiplexer(s).
Unit <time_multiplexer_4digit> synthesized.

=========================================================================
HDL Synthesis Report

Macro Statistics
# RAMs                                                 : 1
 16x7-bit single-port Read Only RAM                    : 1
# Adders/Subtractors                                   : 6
 14-bit subtractor                                     : 1
 3-bit subtractor                                      : 1
 4-bit adder                                           : 4
# Registers                                            : 23
 1-bit register                                        : 17
 32-bit register                                       : 1
 4-bit register                                        : 5
# Latches                                              : 2
 1-bit latch                                           : 2
# Multiplexers                                         : 17
 1-bit 2-to-1 multiplexer                              : 2
 16-bit 2-to-1 multiplexer                             : 1
 4-bit 2-to-1 multiplexer                              : 4
 5-bit 2-to-1 multiplexer                              : 10

=========================================================================

=========================================================================
*                       Advanced HDL Synthesis                          *
=========================================================================

WARNING:Xst:1710 - FF/Latch <data_out_0> (without init value) has a constant value of 0 in block <cop3>. This FF/Latch will be trimmed during the optimization process.
WARNING:Xst:1710 - FF/Latch <data_out_2> (without init value) has a constant value of 0 in block <cop3>. This FF/Latch will be trimmed during the optimization process.
WARNING:Xst:1710 - FF/Latch <data_out_3> (without init value) has a constant value of 0 in block <cop3>. This FF/Latch will be trimmed during the optimization process.
WARNING:Xst:1710 - FF/Latch <data_out_4> (without init value) has a constant value of 0 in block <cop3>. This FF/Latch will be trimmed during the optimization process.
WARNING:Xst:1710 - FF/Latch <data_out_6> (without init value) has a constant value of 0 in block <cop3>. This FF/Latch will be trimmed during the optimization process.
WARNING:Xst:1710 - FF/Latch <data_out_24> (without init value) has a constant value of 0 in block <cop3>. This FF/Latch will be trimmed during the optimization process.
WARNING:Xst:1710 - FF/Latch <data_out_25> (without init value) has a constant value of 0 in block <cop3>. This FF/Latch will be trimmed during the optimization process.
WARNING:Xst:1710 - FF/Latch <data_out_26> (without init value) has a constant value of 0 in block <cop3>. This FF/Latch will be trimmed during the optimization process.
WARNING:Xst:1710 - FF/Latch <data_out_27> (without init value) has a constant value of 0 in block <cop3>. This FF/Latch will be trimmed during the optimization process.
WARNING:Xst:1710 - FF/Latch <data_out_28> (without init value) has a constant value of 0 in block <cop3>. This FF/Latch will be trimmed during the optimization process.
WARNING:Xst:1710 - FF/Latch <data_out_29> (without init value) has a constant value of 0 in block <cop3>. This FF/Latch will be trimmed during the optimization process.
WARNING:Xst:1710 - FF/Latch <data_out_30> (without init value) has a constant value of 0 in block <cop3>. This FF/Latch will be trimmed during the optimization process.
WARNING:Xst:1710 - FF/Latch <data_out_31> (without init value) has a constant value of 0 in block <cop3>. This FF/Latch will be trimmed during the optimization process.

Synthesizing (advanced) Unit <modulo10_counter>.
The following registers are absorbed into counter <cnt>: 1 register on signal <cnt>.
Unit <modulo10_counter> synthesized (advanced).

Synthesizing (advanced) Unit <time_multiplexer_4digit>.
INFO:Xst:3218 - HDL ADVISOR - The RAM <Mram__n0048[0:6]> will be implemented on LUTs either because you have described an asynchronous read or because of currently unsupported block RAM features. If you have described an asynchronous read, making it synchronous would allow you to take advantage of available block RAM resources, for optimized device usage and improved timings. Please refer to your documentation for coding guidelines.
    -----------------------------------------------------------------------
    | ram_type           | Distributed                         |          |
    -----------------------------------------------------------------------
    | Port A                                                              |
    |     aspect ratio   | 16-word x 7-bit                     |          |
    |     weA            | connected to signal <GND>           | high     |
    |     addrA          | connected to signal <display.dispLED<4:1>> |          |
    |     diA            | connected to signal <GND>           |          |
    |     doA            | connected to internal node          |          |
    -----------------------------------------------------------------------
Unit <time_multiplexer_4digit> synthesized (advanced).

=========================================================================
Advanced HDL Synthesis Report

Macro Statistics
# RAMs                                                 : 1
 16x7-bit single-port distributed Read Only RAM        : 1
# Adders/Subtractors                                   : 2
 14-bit subtractor                                     : 1
 3-bit subtractor                                      : 1
# Counters                                             : 4
 4-bit up counter                                      : 4
# Registers                                            : 56
 Flip-Flops                                            : 56
# Multiplexers                                         : 13
 1-bit 2-to-1 multiplexer                              : 2
 16-bit 2-to-1 multiplexer                             : 1
 5-bit 2-to-1 multiplexer                              : 10

=========================================================================

=========================================================================
*                         Low Level Synthesis                           *
=========================================================================
INFO:Xst:2261 - The FF/Latch <data_out_0> in Unit <Hold_Register_32bit> is equivalent to the following 12 FFs/Latches, which will be removed : <data_out_2> <data_out_3> <data_out_4> <data_out_6> <data_out_24> <data_out_25> <data_out_26> <data_out_27> <data_out_28> <data_out_29> <data_out_30> <data_out_31> 
INFO:Xst:2261 - The FF/Latch <data_out_1> in Unit <Hold_Register_32bit> is equivalent to the following 2 FFs/Latches, which will be removed : <data_out_5> <data_out_7> 
WARNING:Xst:1710 - FF/Latch <data_out_0> (without init value) has a constant value of 0 in block <Hold_Register_32bit>. This FF/Latch will be trimmed during the optimization process.
WARNING:Xst:3002 - This design contains one or more registers/latches that are directly
   incompatible with the Spartan6 architecture. The two primary causes of this is
   either a register or latch described with both an asynchronous set and
   asynchronous reset, or a register or latch described with an asynchronous
   set or reset which however has an initialization value of the opposite 
   polarity (i.e. asynchronous reset with an initialization value of 1).
    While this circuit can be built, it creates a sub-optimal implementation
   in terms of area, power and performance. For a more optimal implementation
   Xilinx highly recommends one of the following:

          1) Remove either the set or reset from all registers and latches
             if not needed for required functionality
          2) Modify the code in order to produce a synchronous set
             and/or reset (both is preferred)
          3) Ensure all registers have the same initialization value as the
             described asynchronous set or reset polarity
          4) Use the -async_to_sync option to transform the asynchronous
             set/reset to synchronous operation
             (timing simulation highly recommended when using this option)

  Please refer to http://www.xilinx.com search string "Spartan6 asynchronous set/reset" for more details.

  List of register instances with asynchronous set or reset and opposite initialization value:
    clk_1kHz.a1_2 in unit <frequency_divider>
    clk_005Hz.a2_13 in unit <frequency_divider>
    clk_1kHz.a1_0 in unit <frequency_divider>
    clk_005Hz.a2_4 in unit <frequency_divider>
    clk_005Hz.a2_9 in unit <frequency_divider>
    clk_005Hz.a2_10 in unit <frequency_divider>
    clk_005Hz.a2_8 in unit <frequency_divider>

WARNING:Xst:2016 - Found a loop when searching source clock on port 'sigAND:sigAND'
Last warning will be issued only once.

Optimizing unit <Hold_Register_32bit> ...

Optimizing unit <Data_Unit_main> ...

Optimizing unit <frequency_divider> ...

Optimizing unit <time_multiplexer_4digit> ...

Mapping all equations...
Building and optimizing final netlist ...
Found area constraint ratio of 100 (+ 5) on block Data_Unit_main, actual ratio is 1.
WARNING:Xst:1426 - The value init of the FF/Latch cop1/clk_1kHz.a1_2_LD hinder the constant cleaning in the block Data_Unit_main.
   You should achieve better results by setting this init to 1.
WARNING:Xst:1426 - The value init of the FF/Latch cop1/clk_005Hz.a2_13_LD hinder the constant cleaning in the block Data_Unit_main.
   You should achieve better results by setting this init to 1.

Final Macro Processing ...

=========================================================================
Final Register Report

Macro Statistics
# Registers                                            : 64
 Flip-Flops                                            : 64

=========================================================================

=========================================================================
*                           Partition Report                            *
=========================================================================

Partition Implementation Status
-------------------------------

  No Partitions were found in this design.

-------------------------------

=========================================================================
*                            Design Summary                             *
=========================================================================

Top Level Output File Name         : Data_Unit_main.ngc

Primitive and Black Box Usage:
------------------------------
# BELS                             : 103
#      GND                         : 1
#      INV                         : 12
#      LUT1                        : 1
#      LUT2                        : 2
#      LUT3                        : 15
#      LUT4                        : 18
#      LUT5                        : 7
#      LUT6                        : 15
#      MUXCY                       : 13
#      MUXF7                       : 4
#      VCC                         : 1
#      XORCY                       : 14
# FlipFlops/Latches                : 68
#      FD                          : 7
#      FDC                         : 47
#      FDP                         : 10
#      LD                          : 4
# Clock Buffers                    : 2
#      BUFGP                       : 2
# IO Buffers                       : 17
#      IBUF                        : 4
#      OBUF                        : 13

Device utilization summary:
---------------------------

Selected Device : 6slx16csg324-3 


Slice Logic Utilization: 
 Number of Slice Registers:              68  out of  18224     0%  
 Number of Slice LUTs:                   70  out of   9112     0%  
    Number used as Logic:                70  out of   9112     0%  

Slice Logic Distribution: 
 Number of LUT Flip Flop pairs used:     87
   Number with an unused Flip Flop:      19  out of     87    21%  
   Number with an unused LUT:            17  out of     87    19%  
   Number of fully used LUT-FF pairs:    51  out of     87    58%  
   Number of unique control sets:        11

IO Utilization: 
 Number of IOs:                          19
 Number of bonded IOBs:                  19  out of    232     8%  

Specific Feature Utilization:
 Number of BUFG/BUFGCTRLs:                2  out of     16    12%  

---------------------------
Partition Resource Summary:
---------------------------

  No Partitions were found in this design.

---------------------------


=========================================================================
Timing Report

NOTE: THESE TIMING NUMBERS ARE ONLY A SYNTHESIS ESTIMATE.
      FOR ACCURATE TIMING INFORMATION PLEASE REFER TO THE TRACE REPORT
      GENERATED AFTER PLACE-and-ROUTE.

Clock Information:
------------------
---------------------------------------------------------+-----------------------------+-------+
Clock Signal                                             | Clock buffer(FF name)       | Load  |
---------------------------------------------------------+-----------------------------+-------+
sigAND(sigAND1:O)                                        | NONE(*)(cop2/comp2)         | 6     |
cop2/flipflop                                            | NONE(cop2/comp3/comp2)      | 5     |
cop1/GND_6_o_reset_OR_34_o(cop1/GND_6_o_reset_OR_34_o1:O)| NONE(*)(cop1/clock2)        | 2     |
cop1/GND_6_o_reset_OR_6_o(cop1/GND_6_o_reset_OR_6_o1:O)  | NONE(*)(cop1/clock1)        | 2     |
clk                                                      | BUFGP                       | 24    |
load_register                                            | BUFGP                       | 17    |
cop1/clock1                                              | NONE(cop5/anode_3)          | 4     |
cop2/comp1/flipflop                                      | NONE(cop2/comp1/comp3/cnt_0)| 4     |
cop2/comp3/flipflop                                      | NONE(cop2/comp3/comp3/cnt_0)| 4     |
---------------------------------------------------------+-----------------------------+-------+
(*) These 3 clock signal(s) are generated by combinatorial logic,
and XST is not able to identify which are the primary clock signals.
Please use the CLOCK_SIGNAL constraint to specify the clock signal(s) generated by combinatorial logic.
INFO:Xst:2169 - HDL ADVISOR - Some clock signals were not automatically buffered by XST with BUFG/BUFR resources. Please use the buffer_type constraint in order to insert these buffers to the clock signals to help prevent skew problems.

Asynchronous Control Signals Information:
----------------------------------------
No asynchronous control signals found in this design

Timing Summary:
---------------
Speed Grade: -3

   Minimum period: 4.143ns (Maximum Frequency: 241.351MHz)
   Minimum input arrival time before clock: 4.376ns
   Maximum output required time after clock: 7.314ns
   Maximum combinational path delay: 7.924ns

Timing Details:
---------------
All values displayed in nanoseconds (ns)

=========================================================================
Timing constraint: Default period analysis for Clock 'sigAND'
  Clock period: 2.512ns (frequency: 398.153MHz)
  Total number of paths / destination ports: 20 / 6
-------------------------------------------------------------------------
Delay:               2.512ns (Levels of Logic = 2)
  Source:            cop2/comp1/comp1/cnt_2 (FF)
  Destination:       cop2/comp2 (FF)
  Source Clock:      sigAND rising
  Destination Clock: sigAND rising

  Data Path: cop2/comp1/comp1/cnt_2 to cop2/comp2
                                Gate     Net
    Cell:in->out      fanout   Delay   Delay  Logical Name (Net Name)
    ----------------------------------------  ------------
     FDC:C->Q              6   0.447   0.973  cop2/comp1/comp1/cnt_2 (cop2/comp1/comp1/cnt_2)
     LUT3:I0->O            1   0.205   0.580  cop2/tc1_SW0 (N0)
     LUT6:I5->O            1   0.205   0.000  cop2/tc1 (cop2/tc1)
     FDC:D                     0.102          cop2/comp2
    ----------------------------------------
    Total                      2.512ns (0.959ns logic, 1.553ns route)
                                       (38.2% logic, 61.8% route)

=========================================================================
Timing constraint: Default period analysis for Clock 'cop2/flipflop'
  Clock period: 2.078ns (frequency: 481.325MHz)
  Total number of paths / destination ports: 16 / 5
-------------------------------------------------------------------------
Delay:               2.078ns (Levels of Logic = 1)
  Source:            cop2/comp3/comp1/cnt_0 (FF)
  Destination:       cop2/comp3/comp1/cnt_0 (FF)
  Source Clock:      cop2/flipflop rising
  Destination Clock: cop2/flipflop rising

  Data Path: cop2/comp3/comp1/cnt_0 to cop2/comp3/comp1/cnt_0
                                Gate     Net
    Cell:in->out      fanout   Delay   Delay  Logical Name (Net Name)
    ----------------------------------------  ------------
     FDC:C->Q              6   0.447   0.744  cop2/comp3/comp1/cnt_0 (cop2/comp3/comp1/cnt_0)
     INV:I->O              1   0.206   0.579  cop2/comp3/comp1/Mcount_cnt_xor<0>11_INV_0 (cop2/comp3/comp1/Mcount_cnt)
     FDC:D                     0.102          cop2/comp3/comp1/cnt_0
    ----------------------------------------
    Total                      2.078ns (0.755ns logic, 1.323ns route)
                                       (36.3% logic, 63.7% route)

=========================================================================
Timing constraint: Default period analysis for Clock 'cop1/GND_6_o_reset_OR_34_o'
  Clock period: 2.838ns (frequency: 352.386MHz)
  Total number of paths / destination ports: 4 / 1
-------------------------------------------------------------------------
Delay:               2.838ns (Levels of Logic = 2)
  Source:            cop1/clk_005Hz.a2_13_LD (LATCH)
  Destination:       cop1/clock2 (LATCH)
  Source Clock:      cop1/GND_6_o_reset_OR_34_o falling
  Destination Clock: cop1/GND_6_o_reset_OR_34_o falling

  Data Path: cop1/clk_005Hz.a2_13_LD to cop1/clock2
                                Gate     Net
    Cell:in->out      fanout   Delay   Delay  Logical Name (Net Name)
    ----------------------------------------  ------------
     LD:G->Q               8   0.498   1.031  cop1/clk_005Hz.a2_13_LD (cop1/clk_005Hz.a2_13_LD)
     LUT3:I0->O            2   0.205   0.864  cop1/clk_005Hz.a2_131 (cop1/clk_005Hz.a2_13)
     LUT5:I1->O            1   0.203   0.000  cop1/Mmux_clock2_clock2_MUX_8_o11 (cop1/clock2_clock2_MUX_8_o)
     LD:D                      0.037          cop1/clock2
    ----------------------------------------
    Total                      2.838ns (0.943ns logic, 1.895ns route)
                                       (33.2% logic, 66.8% route)

=========================================================================
Timing constraint: Default period analysis for Clock 'cop1/GND_6_o_reset_OR_6_o'
  Clock period: 2.526ns (frequency: 395.805MHz)
  Total number of paths / destination ports: 3 / 1
-------------------------------------------------------------------------
Delay:               2.526ns (Levels of Logic = 2)
  Source:            cop1/clk_1kHz.a1_2_LD (LATCH)
  Destination:       cop1/clock1 (LATCH)
  Source Clock:      cop1/GND_6_o_reset_OR_6_o falling
  Destination Clock: cop1/GND_6_o_reset_OR_6_o falling

  Data Path: cop1/clk_1kHz.a1_2_LD to cop1/clock1
                                Gate     Net
    Cell:in->out      fanout   Delay   Delay  Logical Name (Net Name)
    ----------------------------------------  ------------
     LD:G->Q               7   0.498   1.002  cop1/clk_1kHz.a1_2_LD (cop1/clk_1kHz.a1_2_LD)
     LUT3:I0->O            1   0.205   0.580  cop1/clk_1kHz.a1_01 (cop1/clk_1kHz.a1_0)
     LUT6:I5->O            1   0.205   0.000  cop1/Mmux_clock1_clock1_MUX_4_o11 (cop1/clock1_clock1_MUX_4_o)
     LD:D                      0.037          cop1/clock1
    ----------------------------------------
    Total                      2.526ns (0.945ns logic, 1.582ns route)
                                       (37.4% logic, 62.6% route)

=========================================================================
Timing constraint: Default period analysis for Clock 'clk'
  Clock period: 4.143ns (frequency: 241.351MHz)
  Total number of paths / destination ports: 605 / 41
-------------------------------------------------------------------------
Delay:               4.143ns (Levels of Logic = 3)
  Source:            cop1/clk_005Hz.a2_5 (FF)
  Destination:       cop1/clk_005Hz.a2_0 (FF)
  Source Clock:      clk rising
  Destination Clock: clk rising

  Data Path: cop1/clk_005Hz.a2_5 to cop1/clk_005Hz.a2_0
                                Gate     Net
    Cell:in->out      fanout   Delay   Delay  Logical Name (Net Name)
    ----------------------------------------  ------------
     FDC:C->Q              3   0.447   0.995  cop1/clk_005Hz.a2_5 (cop1/clk_005Hz.a2_5)
     LUT6:I1->O            1   0.203   0.000  cop1/GND_6_o_GND_6_o_equal_6_o<13>1_G (N8)
     MUXF7:I1->O           2   0.140   0.721  cop1/GND_6_o_GND_6_o_equal_6_o<13>1 (cop1/GND_6_o_GND_6_o_equal_6_o<13>)
     LUT5:I3->O           16   0.203   1.004  cop1/GND_6_o_reset_OR_34_o1 (cop1/GND_6_o_reset_OR_34_o)
     FDC:CLR                   0.430          cop1/clk_005Hz.a2_11
    ----------------------------------------
    Total                      4.143ns (1.423ns logic, 2.720ns route)
                                       (34.3% logic, 65.7% route)

=========================================================================
Timing constraint: Default period analysis for Clock 'cop1/clock1'
  Clock period: 1.481ns (frequency: 675.014MHz)
  Total number of paths / destination ports: 4 / 4
-------------------------------------------------------------------------
Delay:               1.481ns (Levels of Logic = 0)
  Source:            cop5/anode_3 (FF)
  Destination:       cop5/anode_2 (FF)
  Source Clock:      cop1/clock1 rising
  Destination Clock: cop1/clock1 rising

  Data Path: cop5/anode_3 to cop5/anode_2
                                Gate     Net
    Cell:in->out      fanout   Delay   Delay  Logical Name (Net Name)
    ----------------------------------------  ------------
     FDP:C->Q             13   0.447   0.932  cop5/anode_3 (cop5/anode_3)
     FDP:D                     0.102          cop5/anode_2
    ----------------------------------------
    Total                      1.481ns (0.549ns logic, 0.932ns route)
                                       (37.1% logic, 62.9% route)

=========================================================================
Timing constraint: Default period analysis for Clock 'cop2/comp1/flipflop'
  Clock period: 2.078ns (frequency: 481.325MHz)
  Total number of paths / destination ports: 12 / 4
-------------------------------------------------------------------------
Delay:               2.078ns (Levels of Logic = 1)
  Source:            cop2/comp1/comp3/cnt_0 (FF)
  Destination:       cop2/comp1/comp3/cnt_0 (FF)
  Source Clock:      cop2/comp1/flipflop rising
  Destination Clock: cop2/comp1/flipflop rising

  Data Path: cop2/comp1/comp3/cnt_0 to cop2/comp1/comp3/cnt_0
                                Gate     Net
    Cell:in->out      fanout   Delay   Delay  Logical Name (Net Name)
    ----------------------------------------  ------------
     FDC:C->Q              6   0.447   0.744  cop2/comp1/comp3/cnt_0 (cop2/comp1/comp3/cnt_0)
     INV:I->O              1   0.206   0.579  cop2/comp1/comp3/Mcount_cnt_xor<0>11_INV_0 (cop2/comp1/comp3/Mcount_cnt)
     FDC:D                     0.102          cop2/comp1/comp3/cnt_0
    ----------------------------------------
    Total                      2.078ns (0.755ns logic, 1.323ns route)
                                       (36.3% logic, 63.7% route)

=========================================================================
Timing constraint: Default period analysis for Clock 'cop2/comp3/flipflop'
  Clock period: 2.048ns (frequency: 488.317MHz)
  Total number of paths / destination ports: 12 / 4
-------------------------------------------------------------------------
Delay:               2.048ns (Levels of Logic = 1)
  Source:            cop2/comp3/comp3/cnt_0 (FF)
  Destination:       cop2/comp3/comp3/cnt_0 (FF)
  Source Clock:      cop2/comp3/flipflop rising
  Destination Clock: cop2/comp3/flipflop rising

  Data Path: cop2/comp3/comp3/cnt_0 to cop2/comp3/comp3/cnt_0
                                Gate     Net
    Cell:in->out      fanout   Delay   Delay  Logical Name (Net Name)
    ----------------------------------------  ------------
     FDC:C->Q              5   0.447   0.714  cop2/comp3/comp3/cnt_0 (cop2/comp3/comp3/cnt_0)
     INV:I->O              1   0.206   0.579  cop2/comp3/comp3/Mcount_cnt_xor<0>11_INV_0 (cop2/comp3/comp3/Mcount_cnt)
     FDC:D                     0.102          cop2/comp3/comp3/cnt_0
    ----------------------------------------
    Total                      2.048ns (0.755ns logic, 1.293ns route)
                                       (36.9% logic, 63.1% route)

=========================================================================
Timing constraint: Default OFFSET IN BEFORE for Clock 'sigAND'
  Total number of paths / destination ports: 12 / 6
-------------------------------------------------------------------------
Offset:              4.203ns (Levels of Logic = 2)
  Source:            reset (PAD)
  Destination:       cop2/comp2 (FF)
  Destination Clock: sigAND rising

  Data Path: reset to cop2/comp2
                                Gate     Net
    Cell:in->out      fanout   Delay   Delay  Logical Name (Net Name)
    ----------------------------------------  ------------
     IBUF:I->O            24   1.222   1.277  reset_IBUF (reset_IBUF)
     LUT2:I0->O           19   0.203   1.071  sigOR1 (sigOR)
     FDC:CLR                   0.430          cop2/comp2
    ----------------------------------------
    Total                      4.203ns (1.855ns logic, 2.348ns route)
                                       (44.1% logic, 55.9% route)

=========================================================================
Timing constraint: Default OFFSET IN BEFORE for Clock 'cop2/flipflop'
  Total number of paths / destination ports: 10 / 5
-------------------------------------------------------------------------
Offset:              4.203ns (Levels of Logic = 2)
  Source:            reset (PAD)
  Destination:       cop2/comp3/comp2 (FF)
  Destination Clock: cop2/flipflop rising

  Data Path: reset to cop2/comp3/comp2
                                Gate     Net
    Cell:in->out      fanout   Delay   Delay  Logical Name (Net Name)
    ----------------------------------------  ------------
     IBUF:I->O            24   1.222   1.277  reset_IBUF (reset_IBUF)
     LUT2:I0->O           19   0.203   1.071  sigOR1 (sigOR)
     FDC:CLR                   0.430          cop2/comp3/comp2
    ----------------------------------------
    Total                      4.203ns (1.855ns logic, 2.348ns route)
                                       (44.1% logic, 55.9% route)

=========================================================================
Timing constraint: Default OFFSET IN BEFORE for Clock 'clk'
  Total number of paths / destination ports: 17 / 17
-------------------------------------------------------------------------
Offset:              4.376ns (Levels of Logic = 2)
  Source:            reset (PAD)
  Destination:       cop1/clk_005Hz.a2_0 (FF)
  Destination Clock: clk rising

  Data Path: reset to cop1/clk_005Hz.a2_0
                                Gate     Net
    Cell:in->out      fanout   Delay   Delay  Logical Name (Net Name)
    ----------------------------------------  ------------
     IBUF:I->O            24   1.222   1.517  reset_IBUF (reset_IBUF)
     LUT5:I0->O           16   0.203   1.004  cop1/GND_6_o_reset_OR_34_o1 (cop1/GND_6_o_reset_OR_34_o)
     FDC:CLR                   0.430          cop1/clk_005Hz.a2_11
    ----------------------------------------
    Total                      4.376ns (1.855ns logic, 2.521ns route)
                                       (42.4% logic, 57.6% route)

=========================================================================
Timing constraint: Default OFFSET IN BEFORE for Clock 'load_register'
  Total number of paths / destination ports: 17 / 17
-------------------------------------------------------------------------
Offset:              2.824ns (Levels of Logic = 1)
  Source:            reset (PAD)
  Destination:       cop3/data_out_23 (FF)
  Destination Clock: load_register rising

  Data Path: reset to cop3/data_out_23
                                Gate     Net
    Cell:in->out      fanout   Delay   Delay  Logical Name (Net Name)
    ----------------------------------------  ------------
     IBUF:I->O            24   1.222   1.172  reset_IBUF (reset_IBUF)
     FDC:CLR                   0.430          cop3/data_out_1
    ----------------------------------------
    Total                      2.824ns (1.652ns logic, 1.172ns route)
                                       (58.5% logic, 41.5% route)

=========================================================================
Timing constraint: Default OFFSET IN BEFORE for Clock 'cop1/clock1'
  Total number of paths / destination ports: 4 / 4
-------------------------------------------------------------------------
Offset:              2.824ns (Levels of Logic = 1)
  Source:            reset (PAD)
  Destination:       cop5/anode_3 (FF)
  Destination Clock: cop1/clock1 rising

  Data Path: reset to cop5/anode_3
                                Gate     Net
    Cell:in->out      fanout   Delay   Delay  Logical Name (Net Name)
    ----------------------------------------  ------------
     IBUF:I->O            24   1.222   1.172  reset_IBUF (reset_IBUF)
     FDC:CLR                   0.430          cop5/anode_0
    ----------------------------------------
    Total                      2.824ns (1.652ns logic, 1.172ns route)
                                       (58.5% logic, 41.5% route)

=========================================================================
Timing constraint: Default OFFSET IN BEFORE for Clock 'cop2/comp1/flipflop'
  Total number of paths / destination ports: 8 / 4
-------------------------------------------------------------------------
Offset:              4.203ns (Levels of Logic = 2)
  Source:            reset (PAD)
  Destination:       cop2/comp1/comp3/cnt_0 (FF)
  Destination Clock: cop2/comp1/flipflop rising

  Data Path: reset to cop2/comp1/comp3/cnt_0
                                Gate     Net
    Cell:in->out      fanout   Delay   Delay  Logical Name (Net Name)
    ----------------------------------------  ------------
     IBUF:I->O            24   1.222   1.277  reset_IBUF (reset_IBUF)
     LUT2:I0->O           19   0.203   1.071  sigOR1 (sigOR)
     FDC:CLR                   0.430          cop2/comp1/comp3/cnt_0
    ----------------------------------------
    Total                      4.203ns (1.855ns logic, 2.348ns route)
                                       (44.1% logic, 55.9% route)

=========================================================================
Timing constraint: Default OFFSET IN BEFORE for Clock 'cop2/comp3/flipflop'
  Total number of paths / destination ports: 8 / 4
-------------------------------------------------------------------------
Offset:              4.203ns (Levels of Logic = 2)
  Source:            reset (PAD)
  Destination:       cop2/comp3/comp3/cnt_0 (FF)
  Destination Clock: cop2/comp3/flipflop rising

  Data Path: reset to cop2/comp3/comp3/cnt_0
                                Gate     Net
    Cell:in->out      fanout   Delay   Delay  Logical Name (Net Name)
    ----------------------------------------  ------------
     IBUF:I->O            24   1.222   1.277  reset_IBUF (reset_IBUF)
     LUT2:I0->O           19   0.203   1.071  sigOR1 (sigOR)
     FDC:CLR                   0.430          cop2/comp3/comp3/cnt_0
    ----------------------------------------
    Total                      4.203ns (1.855ns logic, 2.348ns route)
                                       (44.1% logic, 55.9% route)

=========================================================================
Timing constraint: Default OFFSET OUT AFTER for Clock 'cop1/clock1'
  Total number of paths / destination ports: 239 / 12
-------------------------------------------------------------------------
Offset:              7.314ns (Levels of Logic = 4)
  Source:            cop5/anode_3 (FF)
  Destination:       seg<7> (PAD)
  Source Clock:      cop1/clock1 rising

  Data Path: cop5/anode_3 to seg<7>
                                Gate     Net
    Cell:in->out      fanout   Delay   Delay  Logical Name (Net Name)
    ----------------------------------------  ------------
     FDP:C->Q             13   0.447   1.277  cop5/anode_3 (cop5/anode_3)
     LUT5:I0->O            1   0.203   0.808  cop5/Mmux_display.dispLED32 (cop5/Mmux_display.dispLED31)
     LUT5:I2->O            7   0.205   1.021  cop5/Mmux_display.dispLED34 (cop5/display.dispLED<2>)
     LUT4:I0->O            1   0.203   0.579  cop5/Mram__n0048[0:6]31 (seg_4_OBUF)
     OBUF:I->O                 2.571          seg_4_OBUF (seg<4>)
    ----------------------------------------
    Total                      7.314ns (3.629ns logic, 3.685ns route)
                                       (49.6% logic, 50.4% route)

=========================================================================
Timing constraint: Default OFFSET OUT AFTER for Clock 'load_register'
  Total number of paths / destination ports: 133 / 7
-------------------------------------------------------------------------
Offset:              6.720ns (Levels of Logic = 4)
  Source:            cop3/data_out_21 (FF)
  Destination:       seg<7> (PAD)
  Source Clock:      load_register rising

  Data Path: cop3/data_out_21 to seg<7>
                                Gate     Net
    Cell:in->out      fanout   Delay   Delay  Logical Name (Net Name)
    ----------------------------------------  ------------
     FDC:C->Q              1   0.447   0.684  cop3/data_out_21 (cop3/data_out_21)
     LUT5:I3->O            1   0.203   0.808  cop5/Mmux_display.dispLED32 (cop5/Mmux_display.dispLED31)
     LUT5:I2->O            7   0.205   1.021  cop5/Mmux_display.dispLED34 (cop5/display.dispLED<2>)
     LUT4:I0->O            1   0.203   0.579  cop5/Mram__n0048[0:6]31 (seg_4_OBUF)
     OBUF:I->O                 2.571          seg_4_OBUF (seg<4>)
    ----------------------------------------
    Total                      6.720ns (3.629ns logic, 3.091ns route)
                                       (54.0% logic, 46.0% route)

=========================================================================
Timing constraint: Default OFFSET OUT AFTER for Clock 'cop1/GND_6_o_reset_OR_34_o'
  Total number of paths / destination ports: 1 / 1
-------------------------------------------------------------------------
Offset:              3.719ns (Levels of Logic = 1)
  Source:            cop1/clock2 (LATCH)
  Destination:       signal_05Hz (PAD)
  Source Clock:      cop1/GND_6_o_reset_OR_34_o falling

  Data Path: cop1/clock2 to signal_05Hz
                                Gate     Net
    Cell:in->out      fanout   Delay   Delay  Logical Name (Net Name)
    ----------------------------------------  ------------
     LD:G->Q               3   0.498   0.650  cop1/clock2 (cop1/clock2)
     OBUF:I->O                 2.571          signal_05Hz_OBUF (signal_05Hz)
    ----------------------------------------
    Total                      3.719ns (3.069ns logic, 0.650ns route)
                                       (82.5% logic, 17.5% route)

=========================================================================
Timing constraint: Default path analysis
  Total number of paths / destination ports: 64 / 8
-------------------------------------------------------------------------
Delay:               7.924ns (Levels of Logic = 6)
  Source:            select_display (PAD)
  Destination:       seg<6> (PAD)

  Data Path: select_display to seg<6>
                                Gate     Net
    Cell:in->out      fanout   Delay   Delay  Logical Name (Net Name)
    ----------------------------------------  ------------
     IBUF:I->O            10   1.222   1.201  select_display_IBUF (select_display_IBUF)
     LUT5:I0->O            1   0.203   0.580  cop5/Mmux_display.dispLED51 (cop5/Mmux_display.dispLED5)
     LUT6:I5->O            1   0.205   0.000  cop5/Mmux_display.dispLED54_G (N14)
     MUXF7:I1->O           7   0.140   1.021  cop5/Mmux_display.dispLED54 (cop5/display.dispLED<4>)
     LUT4:I0->O            1   0.203   0.579  cop5/Mram__n0048[0:6]12 (seg_1_OBUF)
     OBUF:I->O                 2.571          seg_1_OBUF (seg<1>)
    ----------------------------------------
    Total                      7.924ns (4.544ns logic, 3.380ns route)
                                       (57.3% logic, 42.7% route)

=========================================================================

Cross Clock Domains Report:
--------------------------

Clock to Setup on destination clock clk
--------------------------+---------+---------+---------+---------+
                          | Src:Rise| Src:Fall| Src:Rise| Src:Fall|
Source Clock              |Dest:Rise|Dest:Rise|Dest:Fall|Dest:Fall|
--------------------------+---------+---------+---------+---------+
clk                       |    4.143|         |         |         |
cop1/GND_6_o_reset_OR_34_o|         |    4.218|         |         |
cop1/GND_6_o_reset_OR_6_o |         |    3.633|         |         |
--------------------------+---------+---------+---------+---------+

Clock to Setup on destination clock cop1/GND_6_o_reset_OR_34_o
--------------------------+---------+---------+---------+---------+
                          | Src:Rise| Src:Fall| Src:Rise| Src:Fall|
Source Clock              |Dest:Rise|Dest:Rise|Dest:Fall|Dest:Fall|
--------------------------+---------+---------+---------+---------+
clk                       |         |         |    2.892|         |
cop1/GND_6_o_reset_OR_34_o|         |         |    2.838|         |
--------------------------+---------+---------+---------+---------+

Clock to Setup on destination clock cop1/GND_6_o_reset_OR_6_o
-------------------------+---------+---------+---------+---------+
                         | Src:Rise| Src:Fall| Src:Rise| Src:Fall|
Source Clock             |Dest:Rise|Dest:Rise|Dest:Fall|Dest:Fall|
-------------------------+---------+---------+---------+---------+
clk                      |         |         |    2.291|         |
cop1/GND_6_o_reset_OR_6_o|         |         |    2.526|         |
-------------------------+---------+---------+---------+---------+

Clock to Setup on destination clock cop1/clock1
---------------+---------+---------+---------+---------+
               | Src:Rise| Src:Fall| Src:Rise| Src:Fall|
Source Clock   |Dest:Rise|Dest:Rise|Dest:Fall|Dest:Fall|
---------------+---------+---------+---------+---------+
cop1/clock1    |    1.481|         |         |         |
---------------+---------+---------+---------+---------+

Clock to Setup on destination clock cop2/comp1/flipflop
-------------------+---------+---------+---------+---------+
                   | Src:Rise| Src:Fall| Src:Rise| Src:Fall|
Source Clock       |Dest:Rise|Dest:Rise|Dest:Fall|Dest:Fall|
-------------------+---------+---------+---------+---------+
cop2/comp1/flipflop|    2.078|         |         |         |
-------------------+---------+---------+---------+---------+

Clock to Setup on destination clock cop2/comp3/flipflop
-------------------+---------+---------+---------+---------+
                   | Src:Rise| Src:Fall| Src:Rise| Src:Fall|
Source Clock       |Dest:Rise|Dest:Rise|Dest:Fall|Dest:Fall|
-------------------+---------+---------+---------+---------+
cop2/comp3/flipflop|    2.048|         |         |         |
-------------------+---------+---------+---------+---------+

Clock to Setup on destination clock cop2/flipflop
---------------+---------+---------+---------+---------+
               | Src:Rise| Src:Fall| Src:Rise| Src:Fall|
Source Clock   |Dest:Rise|Dest:Rise|Dest:Fall|Dest:Fall|
---------------+---------+---------+---------+---------+
cop2/flipflop  |    2.078|         |         |         |
---------------+---------+---------+---------+---------+

Clock to Setup on destination clock load_register
-------------------+---------+---------+---------+---------+
                   | Src:Rise| Src:Fall| Src:Rise| Src:Fall|
Source Clock       |Dest:Rise|Dest:Rise|Dest:Fall|Dest:Fall|
-------------------+---------+---------+---------+---------+
cop2/comp1/flipflop|    1.293|         |         |         |
cop2/comp3/flipflop|    1.263|         |         |         |
cop2/flipflop      |    1.293|         |         |         |
sigAND             |    1.322|         |         |         |
-------------------+---------+---------+---------+---------+

Clock to Setup on destination clock sigAND
-------------------+---------+---------+---------+---------+
                   | Src:Rise| Src:Fall| Src:Rise| Src:Fall|
Source Clock       |Dest:Rise|Dest:Rise|Dest:Fall|Dest:Fall|
-------------------+---------+---------+---------+---------+
cop2/comp1/flipflop|    2.356|         |         |         |
sigAND             |    2.512|         |         |         |
-------------------+---------+---------+---------+---------+

=========================================================================


Total REAL time to Xst completion: 8.00 secs
Total CPU time to Xst completion: 8.39 secs
 
--> 

Total memory usage is 221952 kilobytes

Number of errors   :    0 (   0 filtered)
Number of warnings :   26 (   0 filtered)
Number of infos    :    5 (   0 filtered)

