Release 13.2 - xst O.61xd (nt)
Copyright (c) 1995-2011 Xilinx, Inc.  All rights reserved.
--> Parameter TMPDIR set to xst/projnav.tmp


Total REAL time to Xst completion: 3.00 secs
Total CPU time to Xst completion: 2.52 secs
 
--> Parameter xsthdpdir set to xst


Total REAL time to Xst completion: 3.00 secs
Total CPU time to Xst completion: 2.53 secs
 
--> Reading design: Frequency_Metre.prj

TABLE OF CONTENTS
  1) Synthesis Options Summary
  2) HDL Parsing
  3) HDL Elaboration
  4) HDL Synthesis
       4.1) HDL Synthesis Report
  5) Advanced HDL Synthesis
       5.1) Advanced HDL Synthesis Report
  6) Low Level Synthesis
  7) Partition Report
  8) Design Summary
       8.1) Primitive and Black Box Usage
       8.2) Device utilization summary
       8.3) Partition Resource Summary
       8.4) Timing Report
            8.4.1) Clock Information
            8.4.2) Asynchronous Control Signals Information
            8.4.3) Timing Summary
            8.4.4) Timing Details
            8.4.5) Cross Clock Domains Report


=========================================================================
*                      Synthesis Options Summary                        *
=========================================================================
---- Source Parameters
Input File Name                    : "Frequency_Metre.prj"
Input Format                       : mixed
Ignore Synthesis Constraint File   : NO

---- Target Parameters
Output File Name                   : "Frequency_Metre"
Output Format                      : NGC
Target Device                      : xc6slx16-3-csg324

---- Source Options
Top Module Name                    : Frequency_Metre
Automatic FSM Extraction           : YES
FSM Encoding Algorithm             : Auto
Safe Implementation                : No
FSM Style                          : LUT
RAM Extraction                     : Yes
RAM Style                          : Auto
ROM Extraction                     : Yes
Shift Register Extraction          : YES
ROM Style                          : Auto
Resource Sharing                   : YES
Asynchronous To Synchronous        : NO
Shift Register Minimum Size        : 2
Use DSP Block                      : Auto
Automatic Register Balancing       : No

---- Target Options
LUT Combining                      : Auto
Reduce Control Sets                : Auto
Add IO Buffers                     : YES
Global Maximum Fanout              : 100000
Add Generic Clock Buffer(BUFG)     : 16
Register Duplication               : YES
Optimize Instantiated Primitives   : NO
Use Clock Enable                   : Auto
Use Synchronous Set                : Auto
Use Synchronous Reset              : Auto
Pack IO Registers into IOBs        : Auto
Equivalent register Removal        : YES

---- General Options
Optimization Goal                  : Speed
Optimization Effort                : 1
Power Reduction                    : NO
Keep Hierarchy                     : No
Netlist Hierarchy                  : As_Optimized
RTL Output                         : Yes
Global Optimization                : AllClockNets
Read Cores                         : YES
Write Timing Constraints           : NO
Cross Clock Analysis               : NO
Hierarchy Separator                : /
Bus Delimiter                      : <>
Case Specifier                     : Maintain
Slice Utilization Ratio            : 100
BRAM Utilization Ratio             : 100
DSP48 Utilization Ratio            : 100
Auto BRAM Packing                  : NO
Slice Utilization Ratio Delta      : 5

=========================================================================


=========================================================================
*                          HDL Parsing                                  *
=========================================================================
Parsing VHDL file "C:\.Xilinx\IDP\modulo10_counter.vhd" into library work
Parsing entity <modulo10_counter>.
Parsing architecture <Behavioral> of entity <modulo10_counter>.
Parsing VHDL file "C:\.Xilinx\IDP\mod100_counter.vhd" into library work
Parsing entity <mod100_counter>.
Parsing architecture <Behavioral> of entity <mod100_counter>.
Parsing VHDL file "C:\.Xilinx\IDP\time_multiplexer_4digit.vhd" into library work
Parsing entity <time_multiplexer_4digit>.
Parsing architecture <Behavioral> of entity <time_multiplexer_4digit>.
Parsing VHDL file "C:\.Xilinx\IDP\MUX.vhd" into library work
Parsing entity <MUX>.
Parsing architecture <Behavioral> of entity <mux>.
Parsing VHDL file "C:\.Xilinx\IDP\mod10k_counter.vhd" into library work
Parsing entity <mod10k_counter>.
Parsing architecture <Behavioral> of entity <mod10k_counter>.
Parsing VHDL file "C:\.Xilinx\IDP\Hold_Register_32bit.vhd" into library work
Parsing entity <Hold_Register_32bit>.
Parsing architecture <Behavioral> of entity <hold_register_32bit>.
Parsing VHDL file "C:\.Xilinx\IDP\frequency_divider.vhd" into library work
Parsing entity <frequency_divider>.
Parsing architecture <Behavioral> of entity <frequency_divider>.
Parsing VHDL file "C:\.Xilinx\IDP\main_data_unit.vhd" into library work
Parsing entity <Data_Unit_main>.
Parsing architecture <Behavioral> of entity <data_unit_main>.
Parsing VHDL file "C:\.Xilinx\IDP\Controlpath_Interface.vhd" into library work
Parsing entity <FSMD>.
Parsing architecture <Behavioral> of entity <fsmd>.
Parsing VHDL file "C:\.Xilinx\IDP\Frequency_Metre.vhd" into library work
Parsing entity <Frequency_Metre>.
Parsing architecture <Behavioral> of entity <frequency_metre>.

=========================================================================
*                            HDL Elaboration                            *
=========================================================================

Elaborating entity <Frequency_Metre> (architecture <Behavioral>) from library <work>.

Elaborating entity <Data_Unit_main> (architecture <Behavioral>) from library <work>.

Elaborating entity <frequency_divider> (architecture <Behavioral>) from library <work>.
WARNING:HDLCompiler:92 - "C:\.Xilinx\IDP\frequency_divider.vhd" Line 34: clock1 should be on the sensitivity list of the process
WARNING:HDLCompiler:92 - "C:\.Xilinx\IDP\frequency_divider.vhd" Line 51: clock2 should be on the sensitivity list of the process

Elaborating entity <mod10k_counter> (architecture <Behavioral>) from library <work>.

Elaborating entity <mod100_counter> (architecture <Behavioral>) from library <work>.

Elaborating entity <modulo10_counter> (architecture <Behavioral>) from library <work>.

Elaborating entity <Hold_Register_32bit> (architecture <Behavioral>) from library <work>.

Elaborating entity <MUX> (architecture <Behavioral>) from library <work>.
INFO:HDLCompiler:679 - "C:\.Xilinx\IDP\MUX.vhd" Line 52. Case statement is complete. others clause is never selected

Elaborating entity <time_multiplexer_4digit> (architecture <Behavioral>) from library <work>.
WARNING:HDLCompiler:92 - "C:\.Xilinx\IDP\time_multiplexer_4digit.vhd" Line 54: anode should be on the sensitivity list of the process
WARNING:HDLCompiler:92 - "C:\.Xilinx\IDP\time_multiplexer_4digit.vhd" Line 55: display_value should be on the sensitivity list of the process
WARNING:HDLCompiler:92 - "C:\.Xilinx\IDP\time_multiplexer_4digit.vhd" Line 56: display_value should be on the sensitivity list of the process
WARNING:HDLCompiler:92 - "C:\.Xilinx\IDP\time_multiplexer_4digit.vhd" Line 57: display_value should be on the sensitivity list of the process
WARNING:HDLCompiler:92 - "C:\.Xilinx\IDP\time_multiplexer_4digit.vhd" Line 58: display_value should be on the sensitivity list of the process
INFO:HDLCompiler:679 - "C:\.Xilinx\IDP\time_multiplexer_4digit.vhd" Line 95. Case statement is complete. others clause is never selected

Elaborating entity <FSMD> (architecture <Behavioral>) from library <work>.

=========================================================================
*                           HDL Synthesis                               *
=========================================================================

Synthesizing Unit <Frequency_Metre>.
    Related source file is "c:/.xilinx/idp/frequency_metre.vhd".
    Summary:
	no macro.
Unit <Frequency_Metre> synthesized.

Synthesizing Unit <Data_Unit_main>.
    Related source file is "c:/.xilinx/idp/main_data_unit.vhd".
INFO:Xst:3210 - "c:/.xilinx/idp/main_data_unit.vhd" line 96: Output port <tc> of the instance <cop2> is unconnected or connected to loadless signal.
    Summary:
	no macro.
Unit <Data_Unit_main> synthesized.

Synthesizing Unit <frequency_divider>.
    Related source file is "c:/.xilinx/idp/frequency_divider.vhd".
    Found 1-bit register for signal <clk_005Hz.a2<13>>.
    Found 1-bit register for signal <clk_005Hz.a2<12>>.
    Found 1-bit register for signal <clk_005Hz.a2<11>>.
    Found 1-bit register for signal <clk_005Hz.a2<10>>.
    Found 1-bit register for signal <clk_005Hz.a2<9>>.
    Found 1-bit register for signal <clk_005Hz.a2<8>>.
    Found 1-bit register for signal <clk_005Hz.a2<7>>.
    Found 1-bit register for signal <clk_005Hz.a2<6>>.
    Found 1-bit register for signal <clk_005Hz.a2<5>>.
    Found 1-bit register for signal <clk_005Hz.a2<4>>.
    Found 1-bit register for signal <clk_005Hz.a2<3>>.
    Found 1-bit register for signal <clk_005Hz.a2<2>>.
    Found 1-bit register for signal <clk_005Hz.a2<1>>.
    Found 1-bit register for signal <clk_005Hz.a2<0>>.
    Found 1-bit register for signal <clk_1kHz.a1<2>>.
    Found 1-bit register for signal <clk_1kHz.a1<1>>.
    Found 1-bit register for signal <clk_1kHz.a1<0>>.
    Found 3-bit subtractor for signal <GND_7_o_GND_7_o_sub_1_OUT<2:0>> created at line 29.
    Found 14-bit subtractor for signal <GND_7_o_GND_7_o_sub_4_OUT<13:0>> created at line 46.
WARNING:Xst:737 - Found 1-bit latch for signal <clock1>. Latches may be generated from incomplete case or if statements. We do not recommend the use of latches in FPGA/CPLD designs, as they may lead to timing problems.
WARNING:Xst:737 - Found 1-bit latch for signal <clock2>. Latches may be generated from incomplete case or if statements. We do not recommend the use of latches in FPGA/CPLD designs, as they may lead to timing problems.
    Summary:
	inferred   2 Adder/Subtractor(s).
	inferred  17 D-type flip-flop(s).
	inferred   2 Latch(s).
	inferred   2 Multiplexer(s).
Unit <frequency_divider> synthesized.

Synthesizing Unit <mod10k_counter>.
    Related source file is "c:/.xilinx/idp/mod10k_counter.vhd".
    Summary:
	no macro.
Unit <mod10k_counter> synthesized.

Synthesizing Unit <mod100_counter>.
    Related source file is "c:/.xilinx/idp/mod100_counter.vhd".
    Summary:
	no macro.
Unit <mod100_counter> synthesized.

Synthesizing Unit <modulo10_counter>.
    Related source file is "c:/.xilinx/idp/modulo10_counter.vhd".
    Found 4-bit register for signal <cnt>.
    Found 4-bit adder for signal <cnt[3]_GND_14_o_add_1_OUT> created at line 53.
    Summary:
	inferred   1 Adder/Subtractor(s).
	inferred   4 D-type flip-flop(s).
	inferred   1 Multiplexer(s).
Unit <modulo10_counter> synthesized.

Synthesizing Unit <Hold_Register_32bit>.
    Related source file is "c:/.xilinx/idp/hold_register_32bit.vhd".
    Found 32-bit register for signal <data_out>.
    Summary:
	inferred  32 D-type flip-flop(s).
Unit <Hold_Register_32bit> synthesized.

Synthesizing Unit <MUX>.
    Related source file is "c:/.xilinx/idp/mux.vhd".
    Summary:
	inferred   1 Multiplexer(s).
Unit <MUX> synthesized.

Synthesizing Unit <time_multiplexer_4digit>.
    Related source file is "c:/.xilinx/idp/time_multiplexer_4digit.vhd".
    Found 4-bit register for signal <anode>.
    Found 16x7-bit Read Only RAM for signal <seg>
    Summary:
	inferred   1 RAM(s).
	inferred   4 D-type flip-flop(s).
	inferred  40 Multiplexer(s).
Unit <time_multiplexer_4digit> synthesized.

Synthesizing Unit <FSMD>.
    Related source file is "c:/.xilinx/idp/controlpath_interface.vhd".
    Found 3-bit register for signal <pstate>.
    Found finite state machine <FSM_0> for signal <pstate>.
    -----------------------------------------------------------------------
    | States             | 5                                              |
    | Transitions        | 7                                              |
    | Inputs             | 1                                              |
    | Outputs            | 2                                              |
    | Clock              | clk (rising_edge)                              |
    | Reset              | reset (positive)                               |
    | Reset type         | asynchronous                                   |
    | Reset State        | reset_state                                    |
    | Power Up State     | reset_state                                    |
    | Encoding           | auto                                           |
    | Implementation     | LUT                                            |
    -----------------------------------------------------------------------
    Summary:
	inferred   1 Finite State Machine(s).
Unit <FSMD> synthesized.

=========================================================================
HDL Synthesis Report

Macro Statistics
# RAMs                                                 : 1
 16x7-bit single-port Read Only RAM                    : 1
# Adders/Subtractors                                   : 6
 14-bit subtractor                                     : 1
 3-bit subtractor                                      : 1
 4-bit adder                                           : 4
# Registers                                            : 23
 1-bit register                                        : 17
 32-bit register                                       : 1
 4-bit register                                        : 5
# Latches                                              : 2
 1-bit latch                                           : 2
# Multiplexers                                         : 47
 1-bit 2-to-1 multiplexer                              : 42
 16-bit 2-to-1 multiplexer                             : 1
 4-bit 2-to-1 multiplexer                              : 4
# FSMs                                                 : 1

=========================================================================

=========================================================================
*                       Advanced HDL Synthesis                          *
=========================================================================

WARNING:Xst:1710 - FF/Latch <data_out_16> (without init value) has a constant value of 0 in block <cop3>. This FF/Latch will be trimmed during the optimization process.
WARNING:Xst:1710 - FF/Latch <data_out_17> (without init value) has a constant value of 0 in block <cop3>. This FF/Latch will be trimmed during the optimization process.
WARNING:Xst:1710 - FF/Latch <data_out_18> (without init value) has a constant value of 0 in block <cop3>. This FF/Latch will be trimmed during the optimization process.
WARNING:Xst:1710 - FF/Latch <data_out_19> (without init value) has a constant value of 0 in block <cop3>. This FF/Latch will be trimmed during the optimization process.
WARNING:Xst:1710 - FF/Latch <data_out_20> (without init value) has a constant value of 0 in block <cop3>. This FF/Latch will be trimmed during the optimization process.
WARNING:Xst:1710 - FF/Latch <data_out_21> (without init value) has a constant value of 0 in block <cop3>. This FF/Latch will be trimmed during the optimization process.
WARNING:Xst:1710 - FF/Latch <data_out_22> (without init value) has a constant value of 0 in block <cop3>. This FF/Latch will be trimmed during the optimization process.
WARNING:Xst:1710 - FF/Latch <data_out_23> (without init value) has a constant value of 0 in block <cop3>. This FF/Latch will be trimmed during the optimization process.
WARNING:Xst:1710 - FF/Latch <data_out_24> (without init value) has a constant value of 0 in block <cop3>. This FF/Latch will be trimmed during the optimization process.
WARNING:Xst:1710 - FF/Latch <data_out_25> (without init value) has a constant value of 0 in block <cop3>. This FF/Latch will be trimmed during the optimization process.
WARNING:Xst:1710 - FF/Latch <data_out_26> (without init value) has a constant value of 0 in block <cop3>. This FF/Latch will be trimmed during the optimization process.
WARNING:Xst:1710 - FF/Latch <data_out_27> (without init value) has a constant value of 0 in block <cop3>. This FF/Latch will be trimmed during the optimization process.
WARNING:Xst:1710 - FF/Latch <data_out_28> (without init value) has a constant value of 0 in block <cop3>. This FF/Latch will be trimmed during the optimization process.
WARNING:Xst:1710 - FF/Latch <data_out_29> (without init value) has a constant value of 0 in block <cop3>. This FF/Latch will be trimmed during the optimization process.
WARNING:Xst:1710 - FF/Latch <data_out_30> (without init value) has a constant value of 0 in block <cop3>. This FF/Latch will be trimmed during the optimization process.
WARNING:Xst:1710 - FF/Latch <data_out_31> (without init value) has a constant value of 0 in block <cop3>. This FF/Latch will be trimmed during the optimization process.

Synthesizing (advanced) Unit <modulo10_counter>.
The following registers are absorbed into counter <cnt>: 1 register on signal <cnt>.
Unit <modulo10_counter> synthesized (advanced).

Synthesizing (advanced) Unit <time_multiplexer_4digit>.
INFO:Xst:3218 - HDL ADVISOR - The RAM <Mram_seg> will be implemented on LUTs either because you have described an asynchronous read or because of currently unsupported block RAM features. If you have described an asynchronous read, making it synchronous would allow you to take advantage of available block RAM resources, for optimized device usage and improved timings. Please refer to your documentation for coding guidelines.
    -----------------------------------------------------------------------
    | ram_type           | Distributed                         |          |
    -----------------------------------------------------------------------
    | Port A                                                              |
    |     aspect ratio   | 16-word x 7-bit                     |          |
    |     weA            | connected to signal <GND>           | high     |
    |     addrA          | connected to signal <display.dispLED> |          |
    |     diA            | connected to signal <GND>           |          |
    |     doA            | connected to signal <seg>           |          |
    -----------------------------------------------------------------------
Unit <time_multiplexer_4digit> synthesized (advanced).

=========================================================================
Advanced HDL Synthesis Report

Macro Statistics
# RAMs                                                 : 1
 16x7-bit single-port distributed Read Only RAM        : 1
# Adders/Subtractors                                   : 2
 14-bit subtractor                                     : 1
 3-bit subtractor                                      : 1
# Counters                                             : 4
 4-bit up counter                                      : 4
# Registers                                            : 56
 Flip-Flops                                            : 56
# Multiplexers                                         : 43
 1-bit 2-to-1 multiplexer                              : 42
 16-bit 2-to-1 multiplexer                             : 1
# FSMs                                                 : 1

=========================================================================

=========================================================================
*                         Low Level Synthesis                           *
=========================================================================
INFO:Xst:2261 - The FF/Latch <data_out_16> in Unit <Hold_Register_32bit> is equivalent to the following 15 FFs/Latches, which will be removed : <data_out_17> <data_out_18> <data_out_19> <data_out_20> <data_out_21> <data_out_22> <data_out_23> <data_out_24> <data_out_25> <data_out_26> <data_out_27> <data_out_28> <data_out_29> <data_out_30> <data_out_31> 
WARNING:Xst:1710 - FF/Latch <data_out_16> (without init value) has a constant value of 0 in block <Hold_Register_32bit>. This FF/Latch will be trimmed during the optimization process.
Analyzing FSM <MFsm> for best encoding.
Optimizing FSM <FSM_0> on signal <pstate[1:3]> with user encoding.
---------------------------------
 State               | Encoding
---------------------------------
 reset_state         | 000
 idle                | 001
 reset_counter_state | 010
 pulse_counting      | 011
 load_to_hreg        | 100
---------------------------------
WARNING:Xst:3002 - This design contains one or more registers/latches that are directly
   incompatible with the Spartan6 architecture. The two primary causes of this is
   either a register or latch described with both an asynchronous set and
   asynchronous reset, or a register or latch described with an asynchronous
   set or reset which however has an initialization value of the opposite 
   polarity (i.e. asynchronous reset with an initialization value of 1).
    While this circuit can be built, it creates a sub-optimal implementation
   in terms of area, power and performance. For a more optimal implementation
   Xilinx highly recommends one of the following:

          1) Remove either the set or reset from all registers and latches
             if not needed for required functionality
          2) Modify the code in order to produce a synchronous set
             and/or reset (both is preferred)
          3) Ensure all registers have the same initialization value as the
             described asynchronous set or reset polarity
          4) Use the -async_to_sync option to transform the asynchronous
             set/reset to synchronous operation
             (timing simulation highly recommended when using this option)

  Please refer to http://www.xilinx.com search string "Spartan6 asynchronous set/reset" for more details.

  List of register instances with asynchronous set or reset and opposite initialization value:
    clk_1kHz.a1_2 in unit <frequency_divider>
    clk_005Hz.a2_13 in unit <frequency_divider>
    clk_1kHz.a1_0 in unit <frequency_divider>
    clk_005Hz.a2_4 in unit <frequency_divider>
    clk_005Hz.a2_9 in unit <frequency_divider>
    clk_005Hz.a2_10 in unit <frequency_divider>
    clk_005Hz.a2_8 in unit <frequency_divider>

WARNING:Xst:2016 - Found a loop when searching source clock on port 'cop1/sigAND:sigAND'
Last warning will be issued only once.

Optimizing unit <Hold_Register_32bit> ...

Optimizing unit <Frequency_Metre> ...

Optimizing unit <frequency_divider> ...

Optimizing unit <time_multiplexer_4digit> ...

Mapping all equations...
Building and optimizing final netlist ...
Found area constraint ratio of 100 (+ 5) on block Frequency_Metre, actual ratio is 1.
WARNING:Xst:1426 - The value init of the FF/Latch cop1/cop1/clk_1kHz.a1_2_LD hinder the constant cleaning in the block Frequency_Metre.
   You should achieve better results by setting this init to 1.
WARNING:Xst:1426 - The value init of the FF/Latch cop1/cop1/clk_005Hz.a2_13_LD hinder the constant cleaning in the block Frequency_Metre.
   You should achieve better results by setting this init to 1.

Final Macro Processing ...

=========================================================================
Final Register Report

Macro Statistics
# Registers                                            : 66
 Flip-Flops                                            : 66

=========================================================================

=========================================================================
*                           Partition Report                            *
=========================================================================

Partition Implementation Status
-------------------------------

  No Partitions were found in this design.

-------------------------------

=========================================================================
*                            Design Summary                             *
=========================================================================

Top Level Output File Name         : Frequency_Metre.ngc

Primitive and Black Box Usage:
------------------------------
# BELS                             : 100
#      GND                         : 1
#      INV                         : 12
#      LUT1                        : 1
#      LUT2                        : 1
#      LUT3                        : 19
#      LUT4                        : 18
#      LUT5                        : 2
#      LUT6                        : 16
#      MUXCY                       : 13
#      MUXF7                       : 2
#      VCC                         : 1
#      XORCY                       : 14
# FlipFlops/Latches                : 70
#      FD                          : 7
#      FDC                         : 49
#      FDP                         : 10
#      LD                          : 4
# Clock Buffers                    : 1
#      BUFGP                       : 1
# IO Buffers                       : 15
#      IBUF                        : 3
#      OBUF                        : 12

Device utilization summary:
---------------------------

Selected Device : 6slx16csg324-3 


Slice Logic Utilization: 
 Number of Slice Registers:              70  out of  18224     0%  
 Number of Slice LUTs:                   69  out of   9112     0%  
    Number used as Logic:                69  out of   9112     0%  

Slice Logic Distribution: 
 Number of LUT Flip Flop pairs used:     86
   Number with an unused Flip Flop:      16  out of     86    18%  
   Number with an unused LUT:            17  out of     86    19%  
   Number of fully used LUT-FF pairs:    53  out of     86    61%  
   Number of unique control sets:        12

IO Utilization: 
 Number of IOs:                          16
 Number of bonded IOBs:                  16  out of    232     6%  

Specific Feature Utilization:
 Number of BUFG/BUFGCTRLs:                1  out of     16     6%  

---------------------------
Partition Resource Summary:
---------------------------

  No Partitions were found in this design.

---------------------------


=========================================================================
Timing Report

NOTE: THESE TIMING NUMBERS ARE ONLY A SYNTHESIS ESTIMATE.
      FOR ACCURATE TIMING INFORMATION PLEASE REFER TO THE TRACE REPORT
      GENERATED AFTER PLACE-and-ROUTE.

Clock Information:
------------------
-------------------------------------------------------------------+----------------------------------+-------+
Clock Signal                                                       | Clock buffer(FF name)            | Load  |
-------------------------------------------------------------------+----------------------------------+-------+
cop1/sigAND(cop1/sigAND1:O)                                        | NONE(*)(cop1/cop2/comp2)         | 6     |
cop1/cop2/flipflop                                                 | NONE(cop1/cop2/comp3/comp2)      | 5     |
clk                                                                | BUFGP                            | 27    |
cop1/cop1/GND_7_o_reset_OR_34_o(cop1/cop1/GND_7_o_reset_OR_34_o1:O)| NONE(*)(cop1/cop1/clock2)        | 2     |
cop1/cop1/GND_7_o_reset_OR_6_o(cop1/cop1/GND_7_o_reset_OR_6_o1:O)  | NONE(*)(cop1/cop1/clock1)        | 2     |
cop2/pstate_FSM_FFd1                                               | NONE(cop1/cop3/data_out_15)      | 16    |
cop1/cop1/clock1                                                   | NONE(cop1/cop5/anode_3)          | 4     |
cop1/cop2/comp1/flipflop                                           | NONE(cop1/cop2/comp1/comp3/cnt_0)| 4     |
cop1/cop2/comp3/flipflop                                           | NONE(cop1/cop2/comp3/comp3/cnt_0)| 4     |
-------------------------------------------------------------------+----------------------------------+-------+
(*) These 3 clock signal(s) are generated by combinatorial logic,
and XST is not able to identify which are the primary clock signals.
Please use the CLOCK_SIGNAL constraint to specify the clock signal(s) generated by combinatorial logic.
INFO:Xst:2169 - HDL ADVISOR - Some clock signals were not automatically buffered by XST with BUFG/BUFR resources. Please use the buffer_type constraint in order to insert these buffers to the clock signals to help prevent skew problems.

Asynchronous Control Signals Information:
----------------------------------------
No asynchronous control signals found in this design

Timing Summary:
---------------
Speed Grade: -3

   Minimum period: 4.143ns (Maximum Frequency: 241.351MHz)
   Minimum input arrival time before clock: 4.410ns
   Maximum output required time after clock: 7.144ns
   Maximum combinational path delay: 7.744ns

Timing Details:
---------------
All values displayed in nanoseconds (ns)

=========================================================================
Timing constraint: Default period analysis for Clock 'cop1/sigAND'
  Clock period: 2.313ns (frequency: 432.432MHz)
  Total number of paths / destination ports: 20 / 6
-------------------------------------------------------------------------
Delay:               2.313ns (Levels of Logic = 2)
  Source:            cop1/cop2/comp1/comp1/cnt_0 (FF)
  Destination:       cop1/cop2/comp2 (FF)
  Source Clock:      cop1/sigAND rising
  Destination Clock: cop1/sigAND rising

  Data Path: cop1/cop2/comp1/comp1/cnt_0 to cop1/cop2/comp2
                                Gate     Net
    Cell:in->out      fanout   Delay   Delay  Logical Name (Net Name)
    ----------------------------------------  ------------
     FDC:C->Q              7   0.447   0.774  cop1/cop2/comp1/comp1/cnt_0 (cop1/cop2/comp1/comp1/cnt_0)
     LUT3:I2->O            1   0.205   0.580  cop1/cop2/tc1_SW0 (N01)
     LUT6:I5->O            1   0.205   0.000  cop1/cop2/tc1 (cop1/cop2/tc1)
     FDC:D                     0.102          cop1/cop2/comp2
    ----------------------------------------
    Total                      2.313ns (0.959ns logic, 1.353ns route)
                                       (41.5% logic, 58.5% route)

=========================================================================
Timing constraint: Default period analysis for Clock 'cop1/cop2/flipflop'
  Clock period: 2.078ns (frequency: 481.325MHz)
  Total number of paths / destination ports: 16 / 5
-------------------------------------------------------------------------
Delay:               2.078ns (Levels of Logic = 1)
  Source:            cop1/cop2/comp3/comp1/cnt_0 (FF)
  Destination:       cop1/cop2/comp3/comp1/cnt_0 (FF)
  Source Clock:      cop1/cop2/flipflop rising
  Destination Clock: cop1/cop2/flipflop rising

  Data Path: cop1/cop2/comp3/comp1/cnt_0 to cop1/cop2/comp3/comp1/cnt_0
                                Gate     Net
    Cell:in->out      fanout   Delay   Delay  Logical Name (Net Name)
    ----------------------------------------  ------------
     FDC:C->Q              6   0.447   0.744  cop1/cop2/comp3/comp1/cnt_0 (cop1/cop2/comp3/comp1/cnt_0)
     INV:I->O              1   0.206   0.579  cop1/cop2/comp3/comp1/Mcount_cnt_xor<0>11_INV_0 (cop1/cop2/comp3/comp1/Mcount_cnt)
     FDC:D                     0.102          cop1/cop2/comp3/comp1/cnt_0
    ----------------------------------------
    Total                      2.078ns (0.755ns logic, 1.323ns route)
                                       (36.3% logic, 63.7% route)

=========================================================================
Timing constraint: Default period analysis for Clock 'clk'
  Clock period: 4.143ns (frequency: 241.351MHz)
  Total number of paths / destination ports: 611 / 44
-------------------------------------------------------------------------
Delay:               4.143ns (Levels of Logic = 3)
  Source:            cop1/cop1/clk_005Hz.a2_5 (FF)
  Destination:       cop1/cop1/clk_005Hz.a2_0 (FF)
  Source Clock:      clk rising
  Destination Clock: clk rising

  Data Path: cop1/cop1/clk_005Hz.a2_5 to cop1/cop1/clk_005Hz.a2_0
                                Gate     Net
    Cell:in->out      fanout   Delay   Delay  Logical Name (Net Name)
    ----------------------------------------  ------------
     FDC:C->Q              3   0.447   0.995  cop1/cop1/clk_005Hz.a2_5 (cop1/cop1/clk_005Hz.a2_5)
     LUT6:I1->O            1   0.203   0.000  cop1/cop1/GND_7_o_GND_7_o_equal_6_o<13>1_G (N7)
     MUXF7:I1->O           2   0.140   0.721  cop1/cop1/GND_7_o_GND_7_o_equal_6_o<13>1 (cop1/cop1/GND_7_o_GND_7_o_equal_6_o<13>)
     LUT5:I3->O           16   0.203   1.004  cop1/cop1/GND_7_o_reset_OR_34_o1 (cop1/cop1/GND_7_o_reset_OR_34_o)
     FDC:CLR                   0.430          cop1/cop1/clk_005Hz.a2_11
    ----------------------------------------
    Total                      4.143ns (1.423ns logic, 2.720ns route)
                                       (34.3% logic, 65.7% route)

=========================================================================
Timing constraint: Default period analysis for Clock 'cop1/cop1/GND_7_o_reset_OR_34_o'
  Clock period: 2.838ns (frequency: 352.386MHz)
  Total number of paths / destination ports: 4 / 1
-------------------------------------------------------------------------
Delay:               2.838ns (Levels of Logic = 2)
  Source:            cop1/cop1/clk_005Hz.a2_13_LD (LATCH)
  Destination:       cop1/cop1/clock2 (LATCH)
  Source Clock:      cop1/cop1/GND_7_o_reset_OR_34_o falling
  Destination Clock: cop1/cop1/GND_7_o_reset_OR_34_o falling

  Data Path: cop1/cop1/clk_005Hz.a2_13_LD to cop1/cop1/clock2
                                Gate     Net
    Cell:in->out      fanout   Delay   Delay  Logical Name (Net Name)
    ----------------------------------------  ------------
     LD:G->Q               8   0.498   1.031  cop1/cop1/clk_005Hz.a2_13_LD (cop1/cop1/clk_005Hz.a2_13_LD)
     LUT3:I0->O            2   0.205   0.864  cop1/cop1/clk_005Hz.a2_131 (cop1/cop1/clk_005Hz.a2_13)
     LUT5:I1->O            1   0.203   0.000  cop1/cop1/Mmux_clock2_clock2_MUX_8_o11 (cop1/cop1/clock2_clock2_MUX_8_o)
     LD:D                      0.037          cop1/cop1/clock2
    ----------------------------------------
    Total                      2.838ns (0.943ns logic, 1.895ns route)
                                       (33.2% logic, 66.8% route)

=========================================================================
Timing constraint: Default period analysis for Clock 'cop1/cop1/GND_7_o_reset_OR_6_o'
  Clock period: 2.526ns (frequency: 395.805MHz)
  Total number of paths / destination ports: 3 / 1
-------------------------------------------------------------------------
Delay:               2.526ns (Levels of Logic = 2)
  Source:            cop1/cop1/clk_1kHz.a1_2_LD (LATCH)
  Destination:       cop1/cop1/clock1 (LATCH)
  Source Clock:      cop1/cop1/GND_7_o_reset_OR_6_o falling
  Destination Clock: cop1/cop1/GND_7_o_reset_OR_6_o falling

  Data Path: cop1/cop1/clk_1kHz.a1_2_LD to cop1/cop1/clock1
                                Gate     Net
    Cell:in->out      fanout   Delay   Delay  Logical Name (Net Name)
    ----------------------------------------  ------------
     LD:G->Q               7   0.498   1.002  cop1/cop1/clk_1kHz.a1_2_LD (cop1/cop1/clk_1kHz.a1_2_LD)
     LUT3:I0->O            1   0.205   0.580  cop1/cop1/clk_1kHz.a1_01 (cop1/cop1/clk_1kHz.a1_0)
     LUT6:I5->O            1   0.205   0.000  cop1/cop1/Mmux_clock1_clock1_MUX_4_o11 (cop1/cop1/clock1_clock1_MUX_4_o)
     LD:D                      0.037          cop1/cop1/clock1
    ----------------------------------------
    Total                      2.526ns (0.945ns logic, 1.582ns route)
                                       (37.4% logic, 62.6% route)

=========================================================================
Timing constraint: Default period analysis for Clock 'cop1/cop1/clock1'
  Clock period: 1.405ns (frequency: 711.769MHz)
  Total number of paths / destination ports: 4 / 4
-------------------------------------------------------------------------
Delay:               1.405ns (Levels of Logic = 0)
  Source:            cop1/cop5/anode_1 (FF)
  Destination:       cop1/cop5/anode_0 (FF)
  Source Clock:      cop1/cop1/clock1 rising
  Destination Clock: cop1/cop1/clock1 rising

  Data Path: cop1/cop5/anode_1 to cop1/cop5/anode_0
                                Gate     Net
    Cell:in->out      fanout   Delay   Delay  Logical Name (Net Name)
    ----------------------------------------  ------------
     FDP:C->Q             10   0.447   0.856  cop1/cop5/anode_1 (cop1/cop5/anode_1)
     FDC:D                     0.102          cop1/cop5/anode_0
    ----------------------------------------
    Total                      1.405ns (0.549ns logic, 0.856ns route)
                                       (39.1% logic, 60.9% route)

=========================================================================
Timing constraint: Default period analysis for Clock 'cop1/cop2/comp1/flipflop'
  Clock period: 2.078ns (frequency: 481.325MHz)
  Total number of paths / destination ports: 12 / 4
-------------------------------------------------------------------------
Delay:               2.078ns (Levels of Logic = 1)
  Source:            cop1/cop2/comp1/comp3/cnt_0 (FF)
  Destination:       cop1/cop2/comp1/comp3/cnt_0 (FF)
  Source Clock:      cop1/cop2/comp1/flipflop rising
  Destination Clock: cop1/cop2/comp1/flipflop rising

  Data Path: cop1/cop2/comp1/comp3/cnt_0 to cop1/cop2/comp1/comp3/cnt_0
                                Gate     Net
    Cell:in->out      fanout   Delay   Delay  Logical Name (Net Name)
    ----------------------------------------  ------------
     FDC:C->Q              6   0.447   0.744  cop1/cop2/comp1/comp3/cnt_0 (cop1/cop2/comp1/comp3/cnt_0)
     INV:I->O              1   0.206   0.579  cop1/cop2/comp1/comp3/Mcount_cnt_xor<0>11_INV_0 (cop1/cop2/comp1/comp3/Mcount_cnt)
     FDC:D                     0.102          cop1/cop2/comp1/comp3/cnt_0
    ----------------------------------------
    Total                      2.078ns (0.755ns logic, 1.323ns route)
                                       (36.3% logic, 63.7% route)

=========================================================================
Timing constraint: Default period analysis for Clock 'cop1/cop2/comp3/flipflop'
  Clock period: 2.048ns (frequency: 488.317MHz)
  Total number of paths / destination ports: 12 / 4
-------------------------------------------------------------------------
Delay:               2.048ns (Levels of Logic = 1)
  Source:            cop1/cop2/comp3/comp3/cnt_0 (FF)
  Destination:       cop1/cop2/comp3/comp3/cnt_0 (FF)
  Source Clock:      cop1/cop2/comp3/flipflop rising
  Destination Clock: cop1/cop2/comp3/flipflop rising

  Data Path: cop1/cop2/comp3/comp3/cnt_0 to cop1/cop2/comp3/comp3/cnt_0
                                Gate     Net
    Cell:in->out      fanout   Delay   Delay  Logical Name (Net Name)
    ----------------------------------------  ------------
     FDC:C->Q              5   0.447   0.714  cop1/cop2/comp3/comp3/cnt_0 (cop1/cop2/comp3/comp3/cnt_0)
     INV:I->O              1   0.206   0.579  cop1/cop2/comp3/comp3/Mcount_cnt_xor<0>11_INV_0 (cop1/cop2/comp3/comp3/Mcount_cnt)
     FDC:D                     0.102          cop1/cop2/comp3/comp3/cnt_0
    ----------------------------------------
    Total                      2.048ns (0.755ns logic, 1.293ns route)
                                       (36.9% logic, 63.1% route)

=========================================================================
Timing constraint: Default OFFSET IN BEFORE for Clock 'cop1/sigAND'
  Total number of paths / destination ports: 6 / 6
-------------------------------------------------------------------------
Offset:              4.363ns (Levels of Logic = 2)
  Source:            reset (PAD)
  Destination:       cop1/cop2/comp2 (FF)
  Destination Clock: cop1/sigAND rising

  Data Path: reset to cop1/cop2/comp2
                                Gate     Net
    Cell:in->out      fanout   Delay   Delay  Logical Name (Net Name)
    ----------------------------------------  ------------
     IBUF:I->O            26   1.222   1.435  reset_IBUF (reset_IBUF)
     LUT3:I0->O           19   0.205   1.071  cop1/sigOR1 (cop1/sigOR)
     FDC:CLR                   0.430          cop1/cop2/comp2
    ----------------------------------------
    Total                      4.363ns (1.857ns logic, 2.506ns route)
                                       (42.6% logic, 57.4% route)

=========================================================================
Timing constraint: Default OFFSET IN BEFORE for Clock 'cop1/cop2/flipflop'
  Total number of paths / destination ports: 5 / 5
-------------------------------------------------------------------------
Offset:              4.363ns (Levels of Logic = 2)
  Source:            reset (PAD)
  Destination:       cop1/cop2/comp3/comp2 (FF)
  Destination Clock: cop1/cop2/flipflop rising

  Data Path: reset to cop1/cop2/comp3/comp2
                                Gate     Net
    Cell:in->out      fanout   Delay   Delay  Logical Name (Net Name)
    ----------------------------------------  ------------
     IBUF:I->O            26   1.222   1.435  reset_IBUF (reset_IBUF)
     LUT3:I0->O           19   0.205   1.071  cop1/sigOR1 (cop1/sigOR)
     FDC:CLR                   0.430          cop1/cop2/comp3/comp2
    ----------------------------------------
    Total                      4.363ns (1.857ns logic, 2.506ns route)
                                       (42.6% logic, 57.4% route)

=========================================================================
Timing constraint: Default OFFSET IN BEFORE for Clock 'clk'
  Total number of paths / destination ports: 20 / 20
-------------------------------------------------------------------------
Offset:              4.410ns (Levels of Logic = 2)
  Source:            reset (PAD)
  Destination:       cop1/cop1/clk_005Hz.a2_0 (FF)
  Destination Clock: clk rising

  Data Path: reset to cop1/cop1/clk_005Hz.a2_0
                                Gate     Net
    Cell:in->out      fanout   Delay   Delay  Logical Name (Net Name)
    ----------------------------------------  ------------
     IBUF:I->O            26   1.222   1.551  reset_IBUF (reset_IBUF)
     LUT5:I0->O           16   0.203   1.004  cop1/cop1/GND_7_o_reset_OR_34_o1 (cop1/cop1/GND_7_o_reset_OR_34_o)
     FDC:CLR                   0.430          cop1/cop1/clk_005Hz.a2_11
    ----------------------------------------
    Total                      4.410ns (1.855ns logic, 2.555ns route)
                                       (42.1% logic, 57.9% route)

=========================================================================
Timing constraint: Default OFFSET IN BEFORE for Clock 'cop2/pstate_FSM_FFd1'
  Total number of paths / destination ports: 16 / 16
-------------------------------------------------------------------------
Offset:              2.858ns (Levels of Logic = 1)
  Source:            reset (PAD)
  Destination:       cop1/cop3/data_out_15 (FF)
  Destination Clock: cop2/pstate_FSM_FFd1 rising

  Data Path: reset to cop1/cop3/data_out_15
                                Gate     Net
    Cell:in->out      fanout   Delay   Delay  Logical Name (Net Name)
    ----------------------------------------  ------------
     IBUF:I->O            26   1.222   1.206  reset_IBUF (reset_IBUF)
     FDC:CLR                   0.430          cop1/cop3/data_out_0
    ----------------------------------------
    Total                      2.858ns (1.652ns logic, 1.206ns route)
                                       (57.8% logic, 42.2% route)

=========================================================================
Timing constraint: Default OFFSET IN BEFORE for Clock 'cop1/cop1/clock1'
  Total number of paths / destination ports: 4 / 4
-------------------------------------------------------------------------
Offset:              2.858ns (Levels of Logic = 1)
  Source:            reset (PAD)
  Destination:       cop1/cop5/anode_3 (FF)
  Destination Clock: cop1/cop1/clock1 rising

  Data Path: reset to cop1/cop5/anode_3
                                Gate     Net
    Cell:in->out      fanout   Delay   Delay  Logical Name (Net Name)
    ----------------------------------------  ------------
     IBUF:I->O            26   1.222   1.206  reset_IBUF (reset_IBUF)
     FDC:CLR                   0.430          cop1/cop5/anode_0
    ----------------------------------------
    Total                      2.858ns (1.652ns logic, 1.206ns route)
                                       (57.8% logic, 42.2% route)

=========================================================================
Timing constraint: Default OFFSET IN BEFORE for Clock 'cop1/cop2/comp1/flipflop'
  Total number of paths / destination ports: 4 / 4
-------------------------------------------------------------------------
Offset:              4.363ns (Levels of Logic = 2)
  Source:            reset (PAD)
  Destination:       cop1/cop2/comp1/comp3/cnt_0 (FF)
  Destination Clock: cop1/cop2/comp1/flipflop rising

  Data Path: reset to cop1/cop2/comp1/comp3/cnt_0
                                Gate     Net
    Cell:in->out      fanout   Delay   Delay  Logical Name (Net Name)
    ----------------------------------------  ------------
     IBUF:I->O            26   1.222   1.435  reset_IBUF (reset_IBUF)
     LUT3:I0->O           19   0.205   1.071  cop1/sigOR1 (cop1/sigOR)
     FDC:CLR                   0.430          cop1/cop2/comp1/comp3/cnt_0
    ----------------------------------------
    Total                      4.363ns (1.857ns logic, 2.506ns route)
                                       (42.6% logic, 57.4% route)

=========================================================================
Timing constraint: Default OFFSET IN BEFORE for Clock 'cop1/cop2/comp3/flipflop'
  Total number of paths / destination ports: 4 / 4
-------------------------------------------------------------------------
Offset:              4.363ns (Levels of Logic = 2)
  Source:            reset (PAD)
  Destination:       cop1/cop2/comp3/comp3/cnt_0 (FF)
  Destination Clock: cop1/cop2/comp3/flipflop rising

  Data Path: reset to cop1/cop2/comp3/comp3/cnt_0
                                Gate     Net
    Cell:in->out      fanout   Delay   Delay  Logical Name (Net Name)
    ----------------------------------------  ------------
     IBUF:I->O            26   1.222   1.435  reset_IBUF (reset_IBUF)
     LUT3:I0->O           19   0.205   1.071  cop1/sigOR1 (cop1/sigOR)
     FDC:CLR                   0.430          cop1/cop2/comp3/comp3/cnt_0
    ----------------------------------------
    Total                      4.363ns (1.857ns logic, 2.506ns route)
                                       (42.6% logic, 57.4% route)

=========================================================================
Timing constraint: Default OFFSET OUT AFTER for Clock 'cop1/cop1/clock1'
  Total number of paths / destination ports: 200 / 11
-------------------------------------------------------------------------
Offset:              7.144ns (Levels of Logic = 4)
  Source:            cop1/cop5/anode_2 (FF)
  Destination:       seg<6> (PAD)
  Source Clock:      cop1/cop1/clock1 rising

  Data Path: cop1/cop5/anode_2 to seg<6>
                                Gate     Net
    Cell:in->out      fanout   Delay   Delay  Logical Name (Net Name)
    ----------------------------------------  ------------
     FDP:C->Q              7   0.447   1.002  cop1/cop5/anode_2 (cop1/cop5/anode_2)
     LUT3:I0->O            4   0.205   0.912  cop1/cop5/Mmux_display.dispLED<3>14_SW0 (N8)
     LUT6:I3->O            7   0.205   1.021  cop1/cop5/Mmux_display.dispLED<3>14 (cop1/cop5/display.dispLED<3>)
     LUT4:I0->O            1   0.203   0.579  cop1/cop5/Mram_seg12 (seg_0_OBUF)
     OBUF:I->O                 2.571          seg_0_OBUF (seg<0>)
    ----------------------------------------
    Total                      7.144ns (3.631ns logic, 3.513ns route)
                                       (50.8% logic, 49.2% route)

=========================================================================
Timing constraint: Default OFFSET OUT AFTER for Clock 'cop2/pstate_FSM_FFd1'
  Total number of paths / destination ports: 112 / 7
-------------------------------------------------------------------------
Offset:              6.594ns (Levels of Logic = 4)
  Source:            cop1/cop3/data_out_13 (FF)
  Destination:       seg<6> (PAD)
  Source Clock:      cop2/pstate_FSM_FFd1 rising

  Data Path: cop1/cop3/data_out_13 to seg<6>
                                Gate     Net
    Cell:in->out      fanout   Delay   Delay  Logical Name (Net Name)
    ----------------------------------------  ------------
     FDC:C->Q              1   0.447   0.684  cop1/cop3/data_out_13 (cop1/cop3/data_out_13)
     LUT6:I4->O            1   0.203   0.684  cop1/cop5/Mmux_display.dispLED<1>11 (cop1/cop5/Mmux_display.dispLED<1>1)
     LUT6:I4->O            7   0.203   1.021  cop1/cop5/Mmux_display.dispLED<1>14 (cop1/cop5/display.dispLED<1>)
     LUT4:I0->O            1   0.203   0.579  cop1/cop5/Mram_seg31 (seg_3_OBUF)
     OBUF:I->O                 2.571          seg_3_OBUF (seg<3>)
    ----------------------------------------
    Total                      6.594ns (3.627ns logic, 2.967ns route)
                                       (55.0% logic, 45.0% route)

=========================================================================
Timing constraint: Default OFFSET OUT AFTER for Clock 'clk'
  Total number of paths / destination ports: 1 / 1
-------------------------------------------------------------------------
Offset:              4.045ns (Levels of Logic = 1)
  Source:            cop2/pstate_FSM_FFd1 (FF)
  Destination:       done (PAD)
  Source Clock:      clk rising

  Data Path: cop2/pstate_FSM_FFd1 to done
                                Gate     Net
    Cell:in->out      fanout   Delay   Delay  Logical Name (Net Name)
    ----------------------------------------  ------------
     FDC:C->Q             17   0.447   1.027  cop2/pstate_FSM_FFd1 (cop2/pstate_FSM_FFd1)
     OBUF:I->O                 2.571          done_OBUF (done)
    ----------------------------------------
    Total                      4.045ns (3.018ns logic, 1.027ns route)
                                       (74.6% logic, 25.4% route)

=========================================================================
Timing constraint: Default path analysis
  Total number of paths / destination ports: 56 / 7
-------------------------------------------------------------------------
Delay:               7.744ns (Levels of Logic = 5)
  Source:            select_display (PAD)
  Destination:       seg<6> (PAD)

  Data Path: select_display to seg<6>
                                Gate     Net
    Cell:in->out      fanout   Delay   Delay  Logical Name (Net Name)
    ----------------------------------------  ------------
     IBUF:I->O             5   1.222   1.059  select_display_IBUF (select_display_IBUF)
     LUT6:I1->O            1   0.203   0.684  cop1/cop5/Mmux_display.dispLED<3>11 (cop1/cop5/Mmux_display.dispLED<3>1)
     LUT6:I4->O            7   0.203   1.021  cop1/cop5/Mmux_display.dispLED<3>14 (cop1/cop5/display.dispLED<3>)
     LUT4:I0->O            1   0.203   0.579  cop1/cop5/Mram_seg12 (seg_0_OBUF)
     OBUF:I->O                 2.571          seg_0_OBUF (seg<0>)
    ----------------------------------------
    Total                      7.744ns (4.402ns logic, 3.342ns route)
                                       (56.8% logic, 43.2% route)

=========================================================================

Cross Clock Domains Report:
--------------------------

Clock to Setup on destination clock clk
-------------------------------+---------+---------+---------+---------+
                               | Src:Rise| Src:Fall| Src:Rise| Src:Fall|
Source Clock                   |Dest:Rise|Dest:Rise|Dest:Fall|Dest:Fall|
-------------------------------+---------+---------+---------+---------+
clk                            |    4.143|         |         |         |
cop1/cop1/GND_7_o_reset_OR_34_o|         |    4.218|         |         |
cop1/cop1/GND_7_o_reset_OR_6_o |         |    3.633|         |         |
-------------------------------+---------+---------+---------+---------+

Clock to Setup on destination clock cop1/cop1/GND_7_o_reset_OR_34_o
-------------------------------+---------+---------+---------+---------+
                               | Src:Rise| Src:Fall| Src:Rise| Src:Fall|
Source Clock                   |Dest:Rise|Dest:Rise|Dest:Fall|Dest:Fall|
-------------------------------+---------+---------+---------+---------+
clk                            |         |         |    2.892|         |
cop1/cop1/GND_7_o_reset_OR_34_o|         |         |    2.838|         |
-------------------------------+---------+---------+---------+---------+

Clock to Setup on destination clock cop1/cop1/GND_7_o_reset_OR_6_o
------------------------------+---------+---------+---------+---------+
                              | Src:Rise| Src:Fall| Src:Rise| Src:Fall|
Source Clock                  |Dest:Rise|Dest:Rise|Dest:Fall|Dest:Fall|
------------------------------+---------+---------+---------+---------+
clk                           |         |         |    2.291|         |
cop1/cop1/GND_7_o_reset_OR_6_o|         |         |    2.526|         |
------------------------------+---------+---------+---------+---------+

Clock to Setup on destination clock cop1/cop1/clock1
----------------+---------+---------+---------+---------+
                | Src:Rise| Src:Fall| Src:Rise| Src:Fall|
Source Clock    |Dest:Rise|Dest:Rise|Dest:Fall|Dest:Fall|
----------------+---------+---------+---------+---------+
cop1/cop1/clock1|    1.405|         |         |         |
----------------+---------+---------+---------+---------+

Clock to Setup on destination clock cop1/cop2/comp1/flipflop
------------------------+---------+---------+---------+---------+
                        | Src:Rise| Src:Fall| Src:Rise| Src:Fall|
Source Clock            |Dest:Rise|Dest:Rise|Dest:Fall|Dest:Fall|
------------------------+---------+---------+---------+---------+
clk                     |    2.939|         |         |         |
cop1/cop2/comp1/flipflop|    2.078|         |         |         |
------------------------+---------+---------+---------+---------+

Clock to Setup on destination clock cop1/cop2/comp3/flipflop
------------------------+---------+---------+---------+---------+
                        | Src:Rise| Src:Fall| Src:Rise| Src:Fall|
Source Clock            |Dest:Rise|Dest:Rise|Dest:Fall|Dest:Fall|
------------------------+---------+---------+---------+---------+
clk                     |    2.939|         |         |         |
cop1/cop2/comp3/flipflop|    2.048|         |         |         |
------------------------+---------+---------+---------+---------+

Clock to Setup on destination clock cop1/cop2/flipflop
------------------+---------+---------+---------+---------+
                  | Src:Rise| Src:Fall| Src:Rise| Src:Fall|
Source Clock      |Dest:Rise|Dest:Rise|Dest:Fall|Dest:Fall|
------------------+---------+---------+---------+---------+
clk               |    2.939|         |         |         |
cop1/cop2/flipflop|    2.078|         |         |         |
------------------+---------+---------+---------+---------+

Clock to Setup on destination clock cop1/sigAND
------------------------+---------+---------+---------+---------+
                        | Src:Rise| Src:Fall| Src:Rise| Src:Fall|
Source Clock            |Dest:Rise|Dest:Rise|Dest:Fall|Dest:Fall|
------------------------+---------+---------+---------+---------+
clk                     |    2.939|         |         |         |
cop1/cop2/comp1/flipflop|    2.482|         |         |         |
cop1/sigAND             |    2.313|         |         |         |
------------------------+---------+---------+---------+---------+

Clock to Setup on destination clock cop2/pstate_FSM_FFd1
------------------------+---------+---------+---------+---------+
                        | Src:Rise| Src:Fall| Src:Rise| Src:Fall|
Source Clock            |Dest:Rise|Dest:Rise|Dest:Fall|Dest:Fall|
------------------------+---------+---------+---------+---------+
cop1/cop2/comp1/flipflop|    1.293|         |         |         |
cop1/cop2/comp3/flipflop|    1.263|         |         |         |
cop1/cop2/flipflop      |    1.293|         |         |         |
cop1/sigAND             |    1.322|         |         |         |
------------------------+---------+---------+---------+---------+

=========================================================================


Total REAL time to Xst completion: 14.00 secs
Total CPU time to Xst completion: 13.77 secs
 
--> 

Total memory usage is 222588 kilobytes

Number of errors   :    0 (   0 filtered)
Number of warnings :   29 (   0 filtered)
Number of infos    :    4 (   0 filtered)

