Release 13.2 - xst O.61xd (nt)
Copyright (c) 1995-2011 Xilinx, Inc.  All rights reserved.
--> Parameter TMPDIR set to xst/projnav.tmp


Total REAL time to Xst completion: 0.00 secs
Total CPU time to Xst completion: 0.28 secs
 
--> Parameter xsthdpdir set to xst


Total REAL time to Xst completion: 0.00 secs
Total CPU time to Xst completion: 0.29 secs
 
--> Reading design: mod100_counter.prj

TABLE OF CONTENTS
  1) Synthesis Options Summary
  2) HDL Parsing
  3) HDL Elaboration
  4) HDL Synthesis
       4.1) HDL Synthesis Report
  5) Advanced HDL Synthesis
       5.1) Advanced HDL Synthesis Report
  6) Low Level Synthesis
  7) Partition Report
  8) Design Summary
       8.1) Primitive and Black Box Usage
       8.2) Device utilization summary
       8.3) Partition Resource Summary
       8.4) Timing Report
            8.4.1) Clock Information
            8.4.2) Asynchronous Control Signals Information
            8.4.3) Timing Summary
            8.4.4) Timing Details
            8.4.5) Cross Clock Domains Report


=========================================================================
*                      Synthesis Options Summary                        *
=========================================================================
---- Source Parameters
Input File Name                    : "mod100_counter.prj"
Input Format                       : mixed
Ignore Synthesis Constraint File   : NO

---- Target Parameters
Output File Name                   : "mod100_counter"
Output Format                      : NGC
Target Device                      : xc6slx16-3-csg324

---- Source Options
Top Module Name                    : mod100_counter
Automatic FSM Extraction           : YES
FSM Encoding Algorithm             : Auto
Safe Implementation                : No
FSM Style                          : LUT
RAM Extraction                     : Yes
RAM Style                          : Auto
ROM Extraction                     : Yes
Shift Register Extraction          : YES
ROM Style                          : Auto
Resource Sharing                   : YES
Asynchronous To Synchronous        : NO
Shift Register Minimum Size        : 2
Use DSP Block                      : Auto
Automatic Register Balancing       : No

---- Target Options
LUT Combining                      : Auto
Reduce Control Sets                : Auto
Add IO Buffers                     : YES
Global Maximum Fanout              : 100000
Add Generic Clock Buffer(BUFG)     : 16
Register Duplication               : YES
Optimize Instantiated Primitives   : NO
Use Clock Enable                   : Auto
Use Synchronous Set                : Auto
Use Synchronous Reset              : Auto
Pack IO Registers into IOBs        : Auto
Equivalent register Removal        : YES

---- General Options
Optimization Goal                  : Speed
Optimization Effort                : 1
Power Reduction                    : NO
Keep Hierarchy                     : No
Netlist Hierarchy                  : As_Optimized
RTL Output                         : Yes
Global Optimization                : AllClockNets
Read Cores                         : YES
Write Timing Constraints           : NO
Cross Clock Analysis               : NO
Hierarchy Separator                : /
Bus Delimiter                      : <>
Case Specifier                     : Maintain
Slice Utilization Ratio            : 100
BRAM Utilization Ratio             : 100
DSP48 Utilization Ratio            : 100
Auto BRAM Packing                  : NO
Slice Utilization Ratio Delta      : 5

=========================================================================


=========================================================================
*                          HDL Parsing                                  *
=========================================================================
Parsing VHDL file "C:\.Xilinx\IDP\modulo10_counter.vhd" into library work
Parsing entity <modulo10_counter>.
Parsing architecture <Behavioral> of entity <modulo10_counter>.
Parsing VHDL file "C:\.Xilinx\IDP\mod100_counter.vhd" into library work
Parsing entity <mod100_counter>.
Parsing architecture <Behavioral> of entity <mod100_counter>.

=========================================================================
*                            HDL Elaboration                            *
=========================================================================

Elaborating entity <mod100_counter> (architecture <Behavioral>) from library <work>.

Elaborating entity <modulo10_counter> (architecture <Behavioral>) from library <work>.

=========================================================================
*                           HDL Synthesis                               *
=========================================================================

Synthesizing Unit <mod100_counter>.
    Related source file is "c:/.xilinx/idp/mod100_counter.vhd".
    Summary:
	no macro.
Unit <mod100_counter> synthesized.

Synthesizing Unit <modulo10_counter>.
    Related source file is "c:/.xilinx/idp/modulo10_counter.vhd".
    Found 4-bit register for signal <cnt>.
    Found 4-bit adder for signal <cnt[3]_GND_7_o_add_1_OUT> created at line 53.
    Summary:
	inferred   1 Adder/Subtractor(s).
	inferred   4 D-type flip-flop(s).
	inferred   1 Multiplexer(s).
Unit <modulo10_counter> synthesized.

=========================================================================
HDL Synthesis Report

Macro Statistics
# Adders/Subtractors                                   : 2
 4-bit adder                                           : 2
# Registers                                            : 2
 4-bit register                                        : 2
# Multiplexers                                         : 2
 4-bit 2-to-1 multiplexer                              : 2

=========================================================================

=========================================================================
*                       Advanced HDL Synthesis                          *
=========================================================================


Synthesizing (advanced) Unit <modulo10_counter>.
The following registers are absorbed into counter <cnt>: 1 register on signal <cnt>.
Unit <modulo10_counter> synthesized (advanced).

=========================================================================
Advanced HDL Synthesis Report

Macro Statistics
# Counters                                             : 2
 4-bit up counter                                      : 2
# Registers                                            : 1
 Flip-Flops                                            : 1

=========================================================================

=========================================================================
*                         Low Level Synthesis                           *
=========================================================================

Optimizing unit <mod100_counter> ...

Mapping all equations...
Building and optimizing final netlist ...
Found area constraint ratio of 100 (+ 5) on block mod100_counter, actual ratio is 0.

Final Macro Processing ...

=========================================================================
Final Register Report

Macro Statistics
# Registers                                            : 9
 Flip-Flops                                            : 9

=========================================================================

=========================================================================
*                           Partition Report                            *
=========================================================================

Partition Implementation Status
-------------------------------

  No Partitions were found in this design.

-------------------------------

=========================================================================
*                            Design Summary                             *
=========================================================================

Top Level Output File Name         : mod100_counter.ngc

Primitive and Black Box Usage:
------------------------------
# BELS                             : 10
#      INV                         : 2
#      LUT3                        : 2
#      LUT4                        : 5
#      LUT5                        : 1
# FlipFlops/Latches                : 9
#      FDC                         : 1
#      FDCE                        : 8
# Clock Buffers                    : 1
#      BUFGP                       : 1
# IO Buffers                       : 11
#      IBUF                        : 2
#      OBUF                        : 9

Device utilization summary:
---------------------------

Selected Device : 6slx16csg324-3 


Slice Logic Utilization: 
 Number of Slice Registers:               9  out of  18224     0%  
 Number of Slice LUTs:                   10  out of   9112     0%  
    Number used as Logic:                10  out of   9112     0%  

Slice Logic Distribution: 
 Number of LUT Flip Flop pairs used:     10
   Number with an unused Flip Flop:       1  out of     10    10%  
   Number with an unused LUT:             0  out of     10     0%  
   Number of fully used LUT-FF pairs:     9  out of     10    90%  
   Number of unique control sets:         3

IO Utilization: 
 Number of IOs:                          12
 Number of bonded IOBs:                  12  out of    232     5%  

Specific Feature Utilization:
 Number of BUFG/BUFGCTRLs:                1  out of     16     6%  

---------------------------
Partition Resource Summary:
---------------------------

  No Partitions were found in this design.

---------------------------


=========================================================================
Timing Report

NOTE: THESE TIMING NUMBERS ARE ONLY A SYNTHESIS ESTIMATE.
      FOR ACCURATE TIMING INFORMATION PLEASE REFER TO THE TRACE REPORT
      GENERATED AFTER PLACE-and-ROUTE.

Clock Information:
------------------
-----------------------------------+------------------------+-------+
Clock Signal                       | Clock buffer(FF name)  | Load  |
-----------------------------------+------------------------+-------+
clk                                | BUFGP                  | 5     |
flipflop                           | NONE(comp3/cnt_0)      | 4     |
-----------------------------------+------------------------+-------+
INFO:Xst:2169 - HDL ADVISOR - Some clock signals were not automatically buffered by XST with BUFG/BUFR resources. Please use the buffer_type constraint in order to insert these buffers to the clock signals to help prevent skew problems.

Asynchronous Control Signals Information:
----------------------------------------
No asynchronous control signals found in this design

Timing Summary:
---------------
Speed Grade: -3

   Minimum period: 2.078ns (Maximum Frequency: 481.325MHz)
   Minimum input arrival time before clock: 2.481ns
   Maximum output required time after clock: 5.909ns
   Maximum combinational path delay: No path found

Timing Details:
---------------
All values displayed in nanoseconds (ns)

=========================================================================
Timing constraint: Default period analysis for Clock 'clk'
  Clock period: 2.078ns (frequency: 481.325MHz)
  Total number of paths / destination ports: 16 / 5
-------------------------------------------------------------------------
Delay:               2.078ns (Levels of Logic = 1)
  Source:            comp1/cnt_0 (FF)
  Destination:       comp1/cnt_0 (FF)
  Source Clock:      clk rising
  Destination Clock: clk rising

  Data Path: comp1/cnt_0 to comp1/cnt_0
                                Gate     Net
    Cell:in->out      fanout   Delay   Delay  Logical Name (Net Name)
    ----------------------------------------  ------------
     FDCE:C->Q             6   0.447   0.744  comp1/cnt_0 (comp1/cnt_0)
     INV:I->O              1   0.206   0.579  comp1/Mcount_cnt_xor<0>11_INV_0 (comp1/Mcount_cnt)
     FDCE:D                    0.102          comp1/cnt_0
    ----------------------------------------
    Total                      2.078ns (0.755ns logic, 1.323ns route)
                                       (36.3% logic, 63.7% route)

=========================================================================
Timing constraint: Default period analysis for Clock 'flipflop'
  Clock period: 2.078ns (frequency: 481.325MHz)
  Total number of paths / destination ports: 12 / 4
-------------------------------------------------------------------------
Delay:               2.078ns (Levels of Logic = 1)
  Source:            comp3/cnt_0 (FF)
  Destination:       comp3/cnt_0 (FF)
  Source Clock:      flipflop rising
  Destination Clock: flipflop rising

  Data Path: comp3/cnt_0 to comp3/cnt_0
                                Gate     Net
    Cell:in->out      fanout   Delay   Delay  Logical Name (Net Name)
    ----------------------------------------  ------------
     FDCE:C->Q             6   0.447   0.744  comp3/cnt_0 (comp3/cnt_0)
     INV:I->O              1   0.206   0.579  comp3/Mcount_cnt_xor<0>11_INV_0 (comp3/Mcount_cnt)
     FDCE:D                    0.102          comp3/cnt_0
    ----------------------------------------
    Total                      2.078ns (0.755ns logic, 1.323ns route)
                                       (36.3% logic, 63.7% route)

=========================================================================
Timing constraint: Default OFFSET IN BEFORE for Clock 'clk'
  Total number of paths / destination ports: 9 / 9
-------------------------------------------------------------------------
Offset:              2.481ns (Levels of Logic = 1)
  Source:            reset (PAD)
  Destination:       comp2 (FF)
  Destination Clock: clk rising

  Data Path: reset to comp2
                                Gate     Net
    Cell:in->out      fanout   Delay   Delay  Logical Name (Net Name)
    ----------------------------------------  ------------
     IBUF:I->O             9   1.222   0.829  reset_IBUF (reset_IBUF)
     FDC:CLR                   0.430          comp2
    ----------------------------------------
    Total                      2.481ns (1.652ns logic, 0.829ns route)
                                       (66.6% logic, 33.4% route)

=========================================================================
Timing constraint: Default OFFSET IN BEFORE for Clock 'flipflop'
  Total number of paths / destination ports: 8 / 8
-------------------------------------------------------------------------
Offset:              2.481ns (Levels of Logic = 1)
  Source:            reset (PAD)
  Destination:       comp3/cnt_0 (FF)
  Destination Clock: flipflop rising

  Data Path: reset to comp3/cnt_0
                                Gate     Net
    Cell:in->out      fanout   Delay   Delay  Logical Name (Net Name)
    ----------------------------------------  ------------
     IBUF:I->O             9   1.222   0.829  reset_IBUF (reset_IBUF)
     FDCE:CLR                  0.430          comp3/cnt_0
    ----------------------------------------
    Total                      2.481ns (1.652ns logic, 0.829ns route)
                                       (66.6% logic, 33.4% route)

=========================================================================
Timing constraint: Default OFFSET OUT AFTER for Clock 'flipflop'
  Total number of paths / destination ports: 8 / 5
-------------------------------------------------------------------------
Offset:              4.745ns (Levels of Logic = 2)
  Source:            comp3/cnt_2 (FF)
  Destination:       tc (PAD)
  Source Clock:      flipflop rising

  Data Path: comp3/cnt_2 to tc
                                Gate     Net
    Cell:in->out      fanout   Delay   Delay  Logical Name (Net Name)
    ----------------------------------------  ------------
     FDCE:C->Q             5   0.447   0.943  comp3/cnt_2 (comp3/cnt_2)
     LUT5:I2->O            1   0.205   0.579  tc1 (tc_OBUF)
     OBUF:I->O                 2.571          tc_OBUF (tc)
    ----------------------------------------
    Total                      4.745ns (3.223ns logic, 1.522ns route)
                                       (67.9% logic, 32.1% route)

=========================================================================
Timing constraint: Default OFFSET OUT AFTER for Clock 'clk'
  Total number of paths / destination ports: 8 / 5
-------------------------------------------------------------------------
Offset:              5.909ns (Levels of Logic = 3)
  Source:            comp1/cnt_2 (FF)
  Destination:       tc (PAD)
  Source Clock:      clk rising

  Data Path: comp1/cnt_2 to tc
                                Gate     Net
    Cell:in->out      fanout   Delay   Delay  Logical Name (Net Name)
    ----------------------------------------  ------------
     FDCE:C->Q             5   0.447   0.943  comp1/cnt_2 (comp1/cnt_2)
     LUT4:I1->O            2   0.205   0.961  comp1/tc1 (tc1)
     LUT5:I0->O            1   0.203   0.579  tc1 (tc_OBUF)
     OBUF:I->O                 2.571          tc_OBUF (tc)
    ----------------------------------------
    Total                      5.909ns (3.426ns logic, 2.483ns route)
                                       (58.0% logic, 42.0% route)

=========================================================================

Cross Clock Domains Report:
--------------------------

Clock to Setup on destination clock clk
---------------+---------+---------+---------+---------+
               | Src:Rise| Src:Fall| Src:Rise| Src:Fall|
Source Clock   |Dest:Rise|Dest:Rise|Dest:Fall|Dest:Fall|
---------------+---------+---------+---------+---------+
clk            |    2.078|         |         |         |
---------------+---------+---------+---------+---------+

Clock to Setup on destination clock flipflop
---------------+---------+---------+---------+---------+
               | Src:Rise| Src:Fall| Src:Rise| Src:Fall|
Source Clock   |Dest:Rise|Dest:Rise|Dest:Fall|Dest:Fall|
---------------+---------+---------+---------+---------+
flipflop       |    2.078|         |         |         |
---------------+---------+---------+---------+---------+

=========================================================================


Total REAL time to Xst completion: 13.00 secs
Total CPU time to Xst completion: 13.42 secs
 
--> 

Total memory usage is 221416 kilobytes

Number of errors   :    0 (   0 filtered)
Number of warnings :    0 (   0 filtered)
Number of infos    :    1 (   0 filtered)

